{"/home/joshnick/Desktop/Brave-Redemptive/task-management-api/controllers/authController.js": {"path":"/home/joshnick/Desktop/Brave-Redemptive/task-management-api/controllers/authController.js","statementMap":{"0":{"start":{"line":1,"column":15},"end":{"line":1,"column":32}},"1":{"start":{"line":2,"column":13},"end":{"line":2,"column":38}},"2":{"start":{"line":3,"column":25},"end":{"line":3,"column":62}},"3":{"start":{"line":4,"column":59},"end":{"line":4,"column":89}},"4":{"start":{"line":9,"column":4},"end":{"line":9,"column":32}},"5":{"start":{"line":13,"column":2},"end":{"line":71,"column":3}},"6":{"start":{"line":14,"column":30},"end":{"line":14,"column":38}},"7":{"start":{"line":16,"column":4},"end":{"line":16,"column":47}},"8":{"start":{"line":18,"column":4},"end":{"line":23,"column":5}},"9":{"start":{"line":19,"column":6},"end":{"line":22,"column":9}},"10":{"start":{"line":25,"column":31},"end":{"line":25,"column":57}},"11":{"start":{"line":26,"column":4},"end":{"line":32,"column":5}},"12":{"start":{"line":27,"column":6},"end":{"line":31,"column":9}},"13":{"start":{"line":35,"column":25},"end":{"line":35,"column":54}},"14":{"start":{"line":36,"column":4},"end":{"line":41,"column":5}},"15":{"start":{"line":37,"column":6},"end":{"line":40,"column":9}},"16":{"start":{"line":44,"column":23},"end":{"line":44,"column":64}},"17":{"start":{"line":45,"column":27},"end":{"line":45,"column":66}},"18":{"start":{"line":48,"column":17},"end":{"line":52,"column":6}},"19":{"start":{"line":54,"column":4},"end":{"line":62,"column":7}},"20":{"start":{"line":65,"column":4},"end":{"line":65,"column":44}},"21":{"start":{"line":66,"column":4},"end":{"line":70,"column":7}},"22":{"start":{"line":76,"column":2},"end":{"line":153,"column":3}},"23":{"start":{"line":77,"column":30},"end":{"line":77,"column":38}},"24":{"start":{"line":79,"column":4},"end":{"line":79,"column":47}},"25":{"start":{"line":81,"column":4},"end":{"line":86,"column":5}},"26":{"start":{"line":82,"column":6},"end":{"line":85,"column":9}},"27":{"start":{"line":88,"column":17},"end":{"line":88,"column":46}},"28":{"start":{"line":89,"column":4},"end":{"line":94,"column":5}},"29":{"start":{"line":90,"column":6},"end":{"line":93,"column":9}},"30":{"start":{"line":96,"column":4},"end":{"line":102,"column":5}},"31":{"start":{"line":97,"column":32},"end":{"line":97,"column":84}},"32":{"start":{"line":98,"column":6},"end":{"line":101,"column":9}},"33":{"start":{"line":104,"column":28},"end":{"line":104,"column":73}},"34":{"start":{"line":106,"column":4},"end":{"line":113,"column":5}},"35":{"start":{"line":107,"column":6},"end":{"line":107,"column":42}},"36":{"start":{"line":109,"column":6},"end":{"line":112,"column":9}},"37":{"start":{"line":115,"column":4},"end":{"line":117,"column":5}},"38":{"start":{"line":116,"column":6},"end":{"line":116,"column":38}},"39":{"start":{"line":119,"column":20},"end":{"line":119,"column":47}},"40":{"start":{"line":120,"column":24},"end":{"line":123,"column":6}},"41":{"start":{"line":124,"column":25},"end":{"line":127,"column":6}},"42":{"start":{"line":129,"column":4},"end":{"line":132,"column":6}},"43":{"start":{"line":134,"column":4},"end":{"line":144,"column":7}},"44":{"start":{"line":147,"column":4},"end":{"line":147,"column":41}},"45":{"start":{"line":148,"column":4},"end":{"line":152,"column":7}},"46":{"start":{"line":158,"column":2},"end":{"line":219,"column":3}},"47":{"start":{"line":159,"column":29},"end":{"line":159,"column":37}},"48":{"start":{"line":161,"column":4},"end":{"line":166,"column":5}},"49":{"start":{"line":162,"column":6},"end":{"line":165,"column":9}},"50":{"start":{"line":168,"column":20},"end":{"line":168,"column":52}},"51":{"start":{"line":169,"column":4},"end":{"line":174,"column":5}},"52":{"start":{"line":170,"column":6},"end":{"line":173,"column":9}},"53":{"start":{"line":176,"column":24},"end":{"line":176,"column":79}},"54":{"start":{"line":177,"column":4},"end":{"line":182,"column":5}},"55":{"start":{"line":178,"column":6},"end":{"line":181,"column":9}},"56":{"start":{"line":184,"column":17},"end":{"line":184,"column":52}},"57":{"start":{"line":185,"column":4},"end":{"line":190,"column":5}},"58":{"start":{"line":186,"column":6},"end":{"line":189,"column":9}},"59":{"start":{"line":192,"column":24},"end":{"line":194,"column":5}},"60":{"start":{"line":193,"column":11},"end":{"line":193,"column":35}},"61":{"start":{"line":195,"column":4},"end":{"line":200,"column":5}},"62":{"start":{"line":196,"column":6},"end":{"line":199,"column":9}},"63":{"start":{"line":202,"column":27},"end":{"line":205,"column":6}},"64":{"start":{"line":207,"column":4},"end":{"line":210,"column":7}},"65":{"start":{"line":213,"column":4},"end":{"line":213,"column":49}},"66":{"start":{"line":214,"column":4},"end":{"line":218,"column":7}},"67":{"start":{"line":224,"column":2},"end":{"line":263,"column":3}},"68":{"start":{"line":225,"column":29},"end":{"line":225,"column":37}},"69":{"start":{"line":227,"column":4},"end":{"line":232,"column":5}},"70":{"start":{"line":228,"column":6},"end":{"line":231,"column":9}},"71":{"start":{"line":234,"column":20},"end":{"line":234,"column":52}},"72":{"start":{"line":235,"column":4},"end":{"line":249,"column":5}},"73":{"start":{"line":236,"column":18},"end":{"line":236,"column":41}},"74":{"start":{"line":237,"column":27},"end":{"line":237,"column":51}},"75":{"start":{"line":238,"column":24},"end":{"line":238,"column":57}},"76":{"start":{"line":240,"column":6},"end":{"line":243,"column":9}},"77":{"start":{"line":245,"column":6},"end":{"line":248,"column":8}},"78":{"start":{"line":251,"column":4},"end":{"line":254,"column":7}},"79":{"start":{"line":257,"column":4},"end":{"line":257,"column":42}},"80":{"start":{"line":258,"column":4},"end":{"line":262,"column":7}},"81":{"start":{"line":266,"column":0},"end":{"line":271,"column":2}}},"fnMap":{"0":{"name":"register","decl":{"start":{"line":12,"column":15},"end":{"line":12,"column":23}},"loc":{"start":{"line":12,"column":34},"end":{"line":72,"column":1}},"line":12},"1":{"name":"login","decl":{"start":{"line":75,"column":15},"end":{"line":75,"column":20}},"loc":{"start":{"line":75,"column":31},"end":{"line":154,"column":1}},"line":75},"2":{"name":"refresh","decl":{"start":{"line":157,"column":15},"end":{"line":157,"column":22}},"loc":{"start":{"line":157,"column":33},"end":{"line":220,"column":1}},"line":157},"3":{"name":"(anonymous_3)","decl":{"start":{"line":193,"column":6},"end":{"line":193,"column":7}},"loc":{"start":{"line":193,"column":11},"end":{"line":193,"column":35}},"line":193},"4":{"name":"logout","decl":{"start":{"line":223,"column":15},"end":{"line":223,"column":21}},"loc":{"start":{"line":223,"column":32},"end":{"line":264,"column":1}},"line":223}},"branchMap":{"0":{"loc":{"start":{"line":18,"column":4},"end":{"line":23,"column":5}},"type":"if","locations":[{"start":{"line":18,"column":4},"end":{"line":23,"column":5}},{"start":{},"end":{}}],"line":18},"1":{"loc":{"start":{"line":26,"column":4},"end":{"line":32,"column":5}},"type":"if","locations":[{"start":{"line":26,"column":4},"end":{"line":32,"column":5}},{"start":{},"end":{}}],"line":26},"2":{"loc":{"start":{"line":36,"column":4},"end":{"line":41,"column":5}},"type":"if","locations":[{"start":{"line":36,"column":4},"end":{"line":41,"column":5}},{"start":{},"end":{}}],"line":36},"3":{"loc":{"start":{"line":44,"column":23},"end":{"line":44,"column":64}},"type":"binary-expr","locations":[{"start":{"line":44,"column":23},"end":{"line":44,"column":58}},{"start":{"line":44,"column":62},"end":{"line":44,"column":64}}],"line":44},"4":{"loc":{"start":{"line":81,"column":4},"end":{"line":86,"column":5}},"type":"if","locations":[{"start":{"line":81,"column":4},"end":{"line":86,"column":5}},{"start":{},"end":{}}],"line":81},"5":{"loc":{"start":{"line":81,"column":8},"end":{"line":81,"column":27}},"type":"binary-expr","locations":[{"start":{"line":81,"column":8},"end":{"line":81,"column":14}},{"start":{"line":81,"column":18},"end":{"line":81,"column":27}}],"line":81},"6":{"loc":{"start":{"line":89,"column":4},"end":{"line":94,"column":5}},"type":"if","locations":[{"start":{"line":89,"column":4},"end":{"line":94,"column":5}},{"start":{},"end":{}}],"line":89},"7":{"loc":{"start":{"line":96,"column":4},"end":{"line":102,"column":5}},"type":"if","locations":[{"start":{"line":96,"column":4},"end":{"line":102,"column":5}},{"start":{},"end":{}}],"line":96},"8":{"loc":{"start":{"line":106,"column":4},"end":{"line":113,"column":5}},"type":"if","locations":[{"start":{"line":106,"column":4},"end":{"line":113,"column":5}},{"start":{},"end":{}}],"line":106},"9":{"loc":{"start":{"line":115,"column":4},"end":{"line":117,"column":5}},"type":"if","locations":[{"start":{"line":115,"column":4},"end":{"line":117,"column":5}},{"start":{},"end":{}}],"line":115},"10":{"loc":{"start":{"line":115,"column":8},"end":{"line":115,"column":54}},"type":"binary-expr","locations":[{"start":{"line":115,"column":8},"end":{"line":115,"column":36}},{"start":{"line":115,"column":40},"end":{"line":115,"column":54}}],"line":115},"11":{"loc":{"start":{"line":161,"column":4},"end":{"line":166,"column":5}},"type":"if","locations":[{"start":{"line":161,"column":4},"end":{"line":166,"column":5}},{"start":{},"end":{}}],"line":161},"12":{"loc":{"start":{"line":169,"column":4},"end":{"line":174,"column":5}},"type":"if","locations":[{"start":{"line":169,"column":4},"end":{"line":174,"column":5}},{"start":{},"end":{}}],"line":169},"13":{"loc":{"start":{"line":177,"column":4},"end":{"line":182,"column":5}},"type":"if","locations":[{"start":{"line":177,"column":4},"end":{"line":182,"column":5}},{"start":{},"end":{}}],"line":177},"14":{"loc":{"start":{"line":185,"column":4},"end":{"line":190,"column":5}},"type":"if","locations":[{"start":{"line":185,"column":4},"end":{"line":190,"column":5}},{"start":{},"end":{}}],"line":185},"15":{"loc":{"start":{"line":195,"column":4},"end":{"line":200,"column":5}},"type":"if","locations":[{"start":{"line":195,"column":4},"end":{"line":200,"column":5}},{"start":{},"end":{}}],"line":195},"16":{"loc":{"start":{"line":227,"column":4},"end":{"line":232,"column":5}},"type":"if","locations":[{"start":{"line":227,"column":4},"end":{"line":232,"column":5}},{"start":{},"end":{}}],"line":227},"17":{"loc":{"start":{"line":235,"column":4},"end":{"line":249,"column":5}},"type":"if","locations":[{"start":{"line":235,"column":4},"end":{"line":249,"column":5}},{"start":{},"end":{}}],"line":235}},"s":{"0":1,"1":1,"2":1,"3":1,"4":1,"5":5,"6":5,"7":5,"8":5,"9":1,"10":4,"11":4,"12":1,"13":3,"14":3,"15":1,"16":2,"17":2,"18":2,"19":2,"20":0,"21":0,"22":8,"23":8,"24":8,"25":8,"26":0,"27":8,"28":8,"29":0,"30":8,"31":1,"32":1,"33":7,"34":7,"35":4,"36":4,"37":3,"38":1,"39":3,"40":3,"41":3,"42":3,"43":3,"44":0,"45":0,"46":3,"47":3,"48":3,"49":0,"50":3,"51":3,"52":1,"53":2,"54":2,"55":0,"56":2,"57":2,"58":0,"59":2,"60":2,"61":2,"62":1,"63":1,"64":1,"65":0,"66":0,"67":3,"68":3,"69":3,"70":0,"71":3,"72":3,"73":3,"74":3,"75":3,"76":3,"77":3,"78":3,"79":0,"80":0,"81":1},"f":{"0":5,"1":8,"2":3,"3":2,"4":3},"b":{"0":[1,4],"1":[1,3],"2":[1,2],"3":[2,2],"4":[0,8],"5":[8,8],"6":[0,8],"7":[1,7],"8":[4,3],"9":[1,2],"10":[3,2],"11":[0,3],"12":[1,2],"13":[0,2],"14":[0,2],"15":[1,1],"16":[0,3],"17":[3,0]},"_coverageSchema":"1a1c01bbd47fc00a2c39e90264f33305004495a9","hash":"b9ce7b89ae8c0ead43700da3080562693ba1e2ce"}
,"/home/joshnick/Desktop/Brave-Redemptive/task-management-api/controllers/taskController.js": {"path":"/home/joshnick/Desktop/Brave-Redemptive/task-management-api/controllers/taskController.js","statementMap":{"0":{"start":{"line":2,"column":13},"end":{"line":2,"column":38}},"1":{"start":{"line":3,"column":29},"end":{"line":3,"column":59}},"2":{"start":{"line":6,"column":2},"end":{"line":32,"column":3}},"3":{"start":{"line":7,"column":29},"end":{"line":7,"column":37}},"4":{"start":{"line":9,"column":16},"end":{"line":9,"column":18}},"5":{"start":{"line":11,"column":4},"end":{"line":13,"column":5}},"6":{"start":{"line":12,"column":6},"end":{"line":12,"column":28}},"7":{"start":{"line":15,"column":18},"end":{"line":17,"column":30}},"8":{"start":{"line":19,"column":4},"end":{"line":23,"column":7}},"9":{"start":{"line":26,"column":4},"end":{"line":26,"column":45}},"10":{"start":{"line":27,"column":4},"end":{"line":31,"column":7}},"11":{"start":{"line":37,"column":2},"end":{"line":66,"column":3}},"12":{"start":{"line":38,"column":23},"end":{"line":38,"column":31}},"13":{"start":{"line":39,"column":43},"end":{"line":39,"column":51}},"14":{"start":{"line":41,"column":26},"end":{"line":41,"column":65}},"15":{"start":{"line":42,"column":23},"end":{"line":42,"column":84}},"16":{"start":{"line":44,"column":17},"end":{"line":49,"column":6}},"17":{"start":{"line":51,"column":4},"end":{"line":51,"column":48}},"18":{"start":{"line":53,"column":4},"end":{"line":57,"column":7}},"19":{"start":{"line":60,"column":4},"end":{"line":60,"column":47}},"20":{"start":{"line":61,"column":4},"end":{"line":65,"column":7}},"21":{"start":{"line":71,"column":2},"end":{"line":125,"column":3}},"22":{"start":{"line":72,"column":29},"end":{"line":72,"column":37}},"23":{"start":{"line":73,"column":19},"end":{"line":73,"column":29}},"24":{"start":{"line":74,"column":23},"end":{"line":74,"column":31}},"25":{"start":{"line":76,"column":4},"end":{"line":81,"column":5}},"26":{"start":{"line":77,"column":6},"end":{"line":80,"column":9}},"27":{"start":{"line":83,"column":26},"end":{"line":83,"column":65}},"28":{"start":{"line":84,"column":4},"end":{"line":89,"column":5}},"29":{"start":{"line":85,"column":6},"end":{"line":88,"column":9}},"30":{"start":{"line":92,"column":17},"end":{"line":92,"column":40}},"31":{"start":{"line":94,"column":4},"end":{"line":99,"column":5}},"32":{"start":{"line":95,"column":6},"end":{"line":98,"column":9}},"33":{"start":{"line":101,"column":4},"end":{"line":106,"column":5}},"34":{"start":{"line":102,"column":6},"end":{"line":105,"column":9}},"35":{"start":{"line":108,"column":4},"end":{"line":108,"column":25}},"36":{"start":{"line":109,"column":4},"end":{"line":109,"column":22}},"37":{"start":{"line":110,"column":4},"end":{"line":110,"column":48}},"38":{"start":{"line":112,"column":4},"end":{"line":116,"column":7}},"39":{"start":{"line":119,"column":4},"end":{"line":119,"column":47}},"40":{"start":{"line":120,"column":4},"end":{"line":124,"column":7}},"41":{"start":{"line":130,"column":2},"end":{"line":169,"column":3}},"42":{"start":{"line":131,"column":21},"end":{"line":131,"column":29}},"43":{"start":{"line":132,"column":19},"end":{"line":132,"column":29}},"44":{"start":{"line":134,"column":4},"end":{"line":139,"column":5}},"45":{"start":{"line":135,"column":6},"end":{"line":138,"column":9}},"46":{"start":{"line":141,"column":4},"end":{"line":146,"column":5}},"47":{"start":{"line":142,"column":6},"end":{"line":145,"column":9}},"48":{"start":{"line":148,"column":17},"end":{"line":148,"column":49}},"49":{"start":{"line":150,"column":4},"end":{"line":155,"column":5}},"50":{"start":{"line":151,"column":6},"end":{"line":154,"column":9}},"51":{"start":{"line":157,"column":4},"end":{"line":160,"column":7}},"52":{"start":{"line":163,"column":4},"end":{"line":163,"column":47}},"53":{"start":{"line":164,"column":4},"end":{"line":168,"column":7}},"54":{"start":{"line":174,"column":2},"end":{"line":217,"column":3}},"55":{"start":{"line":175,"column":29},"end":{"line":175,"column":37}},"56":{"start":{"line":176,"column":51},"end":{"line":176,"column":59}},"57":{"start":{"line":178,"column":16},"end":{"line":178,"column":18}},"58":{"start":{"line":180,"column":4},"end":{"line":182,"column":5}},"59":{"start":{"line":181,"column":6},"end":{"line":181,"column":28}},"60":{"start":{"line":184,"column":4},"end":{"line":189,"column":5}},"61":{"start":{"line":185,"column":6},"end":{"line":188,"column":8}},"62":{"start":{"line":191,"column":17},"end":{"line":191,"column":35}},"63":{"start":{"line":192,"column":23},"end":{"line":192,"column":55}},"64":{"start":{"line":193,"column":18},"end":{"line":197,"column":29}},"65":{"start":{"line":199,"column":4},"end":{"line":208,"column":7}},"66":{"start":{"line":211,"column":4},"end":{"line":211,"column":48}},"67":{"start":{"line":212,"column":4},"end":{"line":216,"column":7}},"68":{"start":{"line":222,"column":2},"end":{"line":262,"column":3}},"69":{"start":{"line":223,"column":29},"end":{"line":223,"column":37}},"70":{"start":{"line":224,"column":45},"end":{"line":224,"column":53}},"71":{"start":{"line":226,"column":16},"end":{"line":226,"column":18}},"72":{"start":{"line":228,"column":4},"end":{"line":230,"column":5}},"73":{"start":{"line":229,"column":6},"end":{"line":229,"column":28}},"74":{"start":{"line":232,"column":4},"end":{"line":234,"column":5}},"75":{"start":{"line":233,"column":6},"end":{"line":233,"column":28}},"76":{"start":{"line":236,"column":17},"end":{"line":236,"column":35}},"77":{"start":{"line":237,"column":23},"end":{"line":237,"column":55}},"78":{"start":{"line":238,"column":18},"end":{"line":242,"column":29}},"79":{"start":{"line":244,"column":4},"end":{"line":253,"column":7}},"80":{"start":{"line":256,"column":4},"end":{"line":256,"column":48}},"81":{"start":{"line":257,"column":4},"end":{"line":261,"column":7}},"82":{"start":{"line":265,"column":0},"end":{"line":272,"column":2}}},"fnMap":{"0":{"name":"getTasks","decl":{"start":{"line":5,"column":15},"end":{"line":5,"column":23}},"loc":{"start":{"line":5,"column":34},"end":{"line":33,"column":1}},"line":5},"1":{"name":"createTask","decl":{"start":{"line":36,"column":15},"end":{"line":36,"column":25}},"loc":{"start":{"line":36,"column":36},"end":{"line":67,"column":1}},"line":36},"2":{"name":"updateTask","decl":{"start":{"line":70,"column":15},"end":{"line":70,"column":25}},"loc":{"start":{"line":70,"column":36},"end":{"line":126,"column":1}},"line":70},"3":{"name":"deleteTask","decl":{"start":{"line":129,"column":15},"end":{"line":129,"column":25}},"loc":{"start":{"line":129,"column":36},"end":{"line":170,"column":1}},"line":129},"4":{"name":"searchTasks","decl":{"start":{"line":173,"column":15},"end":{"line":173,"column":26}},"loc":{"start":{"line":173,"column":37},"end":{"line":218,"column":1}},"line":173},"5":{"name":"filterTasks","decl":{"start":{"line":221,"column":15},"end":{"line":221,"column":26}},"loc":{"start":{"line":221,"column":37},"end":{"line":263,"column":1}},"line":221}},"branchMap":{"0":{"loc":{"start":{"line":11,"column":4},"end":{"line":13,"column":5}},"type":"if","locations":[{"start":{"line":11,"column":4},"end":{"line":13,"column":5}},{"start":{},"end":{}}],"line":11},"1":{"loc":{"start":{"line":42,"column":23},"end":{"line":42,"column":84}},"type":"cond-expr","locations":[{"start":{"line":42,"column":66},"end":{"line":42,"column":72}},{"start":{"line":42,"column":75},"end":{"line":42,"column":84}}],"line":42},"2":{"loc":{"start":{"line":42,"column":23},"end":{"line":42,"column":63}},"type":"binary-expr","locations":[{"start":{"line":42,"column":23},"end":{"line":42,"column":29}},{"start":{"line":42,"column":33},"end":{"line":42,"column":63}}],"line":42},"3":{"loc":{"start":{"line":76,"column":4},"end":{"line":81,"column":5}},"type":"if","locations":[{"start":{"line":76,"column":4},"end":{"line":81,"column":5}},{"start":{},"end":{}}],"line":76},"4":{"loc":{"start":{"line":84,"column":4},"end":{"line":89,"column":5}},"type":"if","locations":[{"start":{"line":84,"column":4},"end":{"line":89,"column":5}},{"start":{},"end":{}}],"line":84},"5":{"loc":{"start":{"line":84,"column":8},"end":{"line":84,"column":50}},"type":"binary-expr","locations":[{"start":{"line":84,"column":8},"end":{"line":84,"column":15}},{"start":{"line":84,"column":19},"end":{"line":84,"column":50}}],"line":84},"6":{"loc":{"start":{"line":94,"column":4},"end":{"line":99,"column":5}},"type":"if","locations":[{"start":{"line":94,"column":4},"end":{"line":99,"column":5}},{"start":{},"end":{}}],"line":94},"7":{"loc":{"start":{"line":101,"column":4},"end":{"line":106,"column":5}},"type":"if","locations":[{"start":{"line":101,"column":4},"end":{"line":106,"column":5}},{"start":{},"end":{}}],"line":101},"8":{"loc":{"start":{"line":101,"column":8},"end":{"line":101,"column":61}},"type":"binary-expr","locations":[{"start":{"line":101,"column":8},"end":{"line":101,"column":24}},{"start":{"line":101,"column":28},"end":{"line":101,"column":61}}],"line":101},"9":{"loc":{"start":{"line":134,"column":4},"end":{"line":139,"column":5}},"type":"if","locations":[{"start":{"line":134,"column":4},"end":{"line":139,"column":5}},{"start":{},"end":{}}],"line":134},"10":{"loc":{"start":{"line":141,"column":4},"end":{"line":146,"column":5}},"type":"if","locations":[{"start":{"line":141,"column":4},"end":{"line":146,"column":5}},{"start":{},"end":{}}],"line":141},"11":{"loc":{"start":{"line":150,"column":4},"end":{"line":155,"column":5}},"type":"if","locations":[{"start":{"line":150,"column":4},"end":{"line":155,"column":5}},{"start":{},"end":{}}],"line":150},"12":{"loc":{"start":{"line":176,"column":12},"end":{"line":176,"column":24}},"type":"default-arg","locations":[{"start":{"line":176,"column":22},"end":{"line":176,"column":24}}],"line":176},"13":{"loc":{"start":{"line":176,"column":26},"end":{"line":176,"column":34}},"type":"default-arg","locations":[{"start":{"line":176,"column":33},"end":{"line":176,"column":34}}],"line":176},"14":{"loc":{"start":{"line":176,"column":36},"end":{"line":176,"column":46}},"type":"default-arg","locations":[{"start":{"line":176,"column":44},"end":{"line":176,"column":46}}],"line":176},"15":{"loc":{"start":{"line":180,"column":4},"end":{"line":182,"column":5}},"type":"if","locations":[{"start":{"line":180,"column":4},"end":{"line":182,"column":5}},{"start":{},"end":{}}],"line":180},"16":{"loc":{"start":{"line":184,"column":4},"end":{"line":189,"column":5}},"type":"if","locations":[{"start":{"line":184,"column":4},"end":{"line":189,"column":5}},{"start":{},"end":{}}],"line":184},"17":{"loc":{"start":{"line":184,"column":8},"end":{"line":184,"column":40}},"type":"binary-expr","locations":[{"start":{"line":184,"column":8},"end":{"line":184,"column":15}},{"start":{"line":184,"column":19},"end":{"line":184,"column":40}}],"line":184},"18":{"loc":{"start":{"line":224,"column":20},"end":{"line":224,"column":28}},"type":"default-arg","locations":[{"start":{"line":224,"column":27},"end":{"line":224,"column":28}}],"line":224},"19":{"loc":{"start":{"line":224,"column":30},"end":{"line":224,"column":40}},"type":"default-arg","locations":[{"start":{"line":224,"column":38},"end":{"line":224,"column":40}}],"line":224},"20":{"loc":{"start":{"line":228,"column":4},"end":{"line":230,"column":5}},"type":"if","locations":[{"start":{"line":228,"column":4},"end":{"line":230,"column":5}},{"start":{},"end":{}}],"line":228},"21":{"loc":{"start":{"line":232,"column":4},"end":{"line":234,"column":5}},"type":"if","locations":[{"start":{"line":232,"column":4},"end":{"line":234,"column":5}},{"start":{},"end":{}}],"line":232}},"s":{"0":1,"1":1,"2":3,"3":3,"4":3,"5":3,"6":2,"7":3,"8":3,"9":0,"10":0,"11":3,"12":3,"13":3,"14":3,"15":3,"16":3,"17":3,"18":3,"19":0,"20":0,"21":0,"22":0,"23":0,"24":0,"25":0,"26":0,"27":0,"28":0,"29":0,"30":0,"31":0,"32":0,"33":0,"34":0,"35":0,"36":0,"37":0,"38":0,"39":0,"40":0,"41":4,"42":4,"43":4,"44":4,"45":1,"46":3,"47":1,"48":2,"49":2,"50":1,"51":1,"52":0,"53":0,"54":4,"55":4,"56":4,"57":4,"58":4,"59":4,"60":4,"61":2,"62":4,"63":4,"64":4,"65":4,"66":0,"67":0,"68":3,"69":3,"70":3,"71":3,"72":3,"73":3,"74":3,"75":3,"76":3,"77":3,"78":3,"79":3,"80":0,"81":0,"82":1},"f":{"0":3,"1":3,"2":0,"3":4,"4":4,"5":3},"b":{"0":[2,1],"1":[0,3],"2":[3,0],"3":[0,0],"4":[0,0],"5":[0,0],"6":[0,0],"7":[0,0],"8":[0,0],"9":[1,3],"10":[1,2],"11":[1,1],"12":[0],"13":[0],"14":[0],"15":[4,0],"16":[2,2],"17":[4,2],"18":[0],"19":[0],"20":[3,0],"21":[3,0]},"_coverageSchema":"1a1c01bbd47fc00a2c39e90264f33305004495a9","hash":"eb263ffdd0531218bc66e38e2ff849fbe3bf1f5e"}
,"/home/joshnick/Desktop/Brave-Redemptive/task-management-api/middleware/auth.js": {"path":"/home/joshnick/Desktop/Brave-Redemptive/task-management-api/middleware/auth.js","statementMap":{"0":{"start":{"line":1,"column":54},"end":{"line":1,"column":82}},"1":{"start":{"line":4,"column":2},"end":{"line":35,"column":3}},"2":{"start":{"line":5,"column":23},"end":{"line":5,"column":48}},"3":{"start":{"line":6,"column":18},"end":{"line":6,"column":52}},"4":{"start":{"line":8,"column":4},"end":{"line":13,"column":5}},"5":{"start":{"line":9,"column":6},"end":{"line":12,"column":9}},"6":{"start":{"line":15,"column":20},"end":{"line":15,"column":44}},"7":{"start":{"line":16,"column":4},"end":{"line":21,"column":5}},"8":{"start":{"line":17,"column":6},"end":{"line":20,"column":9}},"9":{"start":{"line":23,"column":4},"end":{"line":26,"column":6}},"10":{"start":{"line":28,"column":4},"end":{"line":28,"column":11}},"11":{"start":{"line":30,"column":4},"end":{"line":30,"column":50}},"12":{"start":{"line":31,"column":4},"end":{"line":34,"column":7}},"13":{"start":{"line":38,"column":0},"end":{"line":38,"column":34}}},"fnMap":{"0":{"name":"authenticate","decl":{"start":{"line":3,"column":9},"end":{"line":3,"column":21}},"loc":{"start":{"line":3,"column":38},"end":{"line":36,"column":1}},"line":3}},"branchMap":{"0":{"loc":{"start":{"line":8,"column":4},"end":{"line":13,"column":5}},"type":"if","locations":[{"start":{"line":8,"column":4},"end":{"line":13,"column":5}},{"start":{},"end":{}}],"line":8},"1":{"loc":{"start":{"line":16,"column":4},"end":{"line":21,"column":5}},"type":"if","locations":[{"start":{"line":16,"column":4},"end":{"line":21,"column":5}},{"start":{},"end":{}}],"line":16}},"s":{"0":1,"1":4,"2":4,"3":4,"4":4,"5":2,"6":2,"7":2,"8":1,"9":1,"10":1,"11":0,"12":0,"13":1},"f":{"0":4},"b":{"0":[2,2],"1":[1,1]},"_coverageSchema":"1a1c01bbd47fc00a2c39e90264f33305004495a9","hash":"1a094981c8f0b844ead087d4bfcfcebe36f44cd6"}
,"/home/joshnick/Desktop/Brave-Redemptive/task-management-api/middleware/authorize.js": {"path":"/home/joshnick/Desktop/Brave-Redemptive/task-management-api/middleware/authorize.js","statementMap":{"0":{"start":{"line":3,"column":2},"end":{"line":27,"column":4}},"1":{"start":{"line":4,"column":4},"end":{"line":26,"column":5}},"2":{"start":{"line":5,"column":6},"end":{"line":10,"column":7}},"3":{"start":{"line":6,"column":8},"end":{"line":9,"column":11}},"4":{"start":{"line":12,"column":6},"end":{"line":17,"column":7}},"5":{"start":{"line":13,"column":8},"end":{"line":16,"column":11}},"6":{"start":{"line":19,"column":6},"end":{"line":19,"column":13}},"7":{"start":{"line":21,"column":6},"end":{"line":21,"column":51}},"8":{"start":{"line":22,"column":6},"end":{"line":25,"column":9}},"9":{"start":{"line":30,"column":0},"end":{"line":30,"column":31}}},"fnMap":{"0":{"name":"authorize","decl":{"start":{"line":2,"column":9},"end":{"line":2,"column":18}},"loc":{"start":{"line":2,"column":33},"end":{"line":28,"column":1}},"line":2},"1":{"name":"(anonymous_1)","decl":{"start":{"line":3,"column":9},"end":{"line":3,"column":10}},"loc":{"start":{"line":3,"column":29},"end":{"line":27,"column":3}},"line":3}},"branchMap":{"0":{"loc":{"start":{"line":5,"column":6},"end":{"line":10,"column":7}},"type":"if","locations":[{"start":{"line":5,"column":6},"end":{"line":10,"column":7}},{"start":{},"end":{}}],"line":5},"1":{"loc":{"start":{"line":12,"column":6},"end":{"line":17,"column":7}},"type":"if","locations":[{"start":{"line":12,"column":6},"end":{"line":17,"column":7}},{"start":{},"end":{}}],"line":12}},"s":{"0":3,"1":3,"2":3,"3":1,"4":2,"5":1,"6":1,"7":0,"8":0,"9":1},"f":{"0":3,"1":3},"b":{"0":[1,2],"1":[1,1]},"_coverageSchema":"1a1c01bbd47fc00a2c39e90264f33305004495a9","hash":"c5596ed5bb0fe12381ed33fff40a4fc2996acaf3"}
,"/home/joshnick/Desktop/Brave-Redemptive/task-management-api/middleware/validate.js": {"path":"/home/joshnick/Desktop/Brave-Redemptive/task-management-api/middleware/validate.js","statementMap":{"0":{"start":{"line":7,"column":4},"end":{"line":7,"column":34}},"1":{"start":{"line":10,"column":2},"end":{"line":43,"column":3}},"2":{"start":{"line":11,"column":32},"end":{"line":11,"column":40}},"3":{"start":{"line":13,"column":4},"end":{"line":18,"column":5}},"4":{"start":{"line":14,"column":6},"end":{"line":17,"column":9}},"5":{"start":{"line":20,"column":4},"end":{"line":25,"column":5}},"6":{"start":{"line":21,"column":6},"end":{"line":24,"column":9}},"7":{"start":{"line":27,"column":31},"end":{"line":27,"column":57}},"8":{"start":{"line":28,"column":4},"end":{"line":34,"column":5}},"9":{"start":{"line":29,"column":6},"end":{"line":33,"column":9}},"10":{"start":{"line":36,"column":4},"end":{"line":36,"column":11}},"11":{"start":{"line":38,"column":4},"end":{"line":38,"column":46}},"12":{"start":{"line":39,"column":4},"end":{"line":42,"column":7}},"13":{"start":{"line":47,"column":2},"end":{"line":71,"column":3}},"14":{"start":{"line":48,"column":32},"end":{"line":48,"column":40}},"15":{"start":{"line":50,"column":4},"end":{"line":55,"column":5}},"16":{"start":{"line":51,"column":6},"end":{"line":54,"column":9}},"17":{"start":{"line":57,"column":4},"end":{"line":62,"column":5}},"18":{"start":{"line":58,"column":6},"end":{"line":61,"column":9}},"19":{"start":{"line":64,"column":4},"end":{"line":64,"column":11}},"20":{"start":{"line":66,"column":4},"end":{"line":66,"column":46}},"21":{"start":{"line":67,"column":4},"end":{"line":70,"column":7}},"22":{"start":{"line":75,"column":2},"end":{"line":100,"column":3}},"23":{"start":{"line":76,"column":33},"end":{"line":76,"column":41}},"24":{"start":{"line":78,"column":4},"end":{"line":78,"column":33}},"25":{"start":{"line":79,"column":4},"end":{"line":79,"column":45}},"26":{"start":{"line":81,"column":4},"end":{"line":81,"column":27}},"27":{"start":{"line":82,"column":4},"end":{"line":82,"column":39}},"28":{"start":{"line":84,"column":23},"end":{"line":84,"column":60}},"29":{"start":{"line":85,"column":4},"end":{"line":91,"column":5}},"30":{"start":{"line":86,"column":6},"end":{"line":90,"column":9}},"31":{"start":{"line":93,"column":4},"end":{"line":93,"column":11}},"32":{"start":{"line":95,"column":4},"end":{"line":95,"column":46}},"33":{"start":{"line":96,"column":4},"end":{"line":99,"column":7}},"34":{"start":{"line":103,"column":0},"end":{"line":107,"column":2}}},"fnMap":{"0":{"name":"validateRegistration","decl":{"start":{"line":9,"column":9},"end":{"line":9,"column":29}},"loc":{"start":{"line":9,"column":46},"end":{"line":44,"column":1}},"line":9},"1":{"name":"validateLogin","decl":{"start":{"line":46,"column":9},"end":{"line":46,"column":22}},"loc":{"start":{"line":46,"column":39},"end":{"line":72,"column":1}},"line":46},"2":{"name":"validateTask","decl":{"start":{"line":74,"column":9},"end":{"line":74,"column":21}},"loc":{"start":{"line":74,"column":38},"end":{"line":101,"column":1}},"line":74}},"branchMap":{"0":{"loc":{"start":{"line":13,"column":4},"end":{"line":18,"column":5}},"type":"if","locations":[{"start":{"line":13,"column":4},"end":{"line":18,"column":5}},{"start":{},"end":{}}],"line":13},"1":{"loc":{"start":{"line":13,"column":8},"end":{"line":13,"column":27}},"type":"binary-expr","locations":[{"start":{"line":13,"column":8},"end":{"line":13,"column":14}},{"start":{"line":13,"column":18},"end":{"line":13,"column":27}}],"line":13},"2":{"loc":{"start":{"line":20,"column":4},"end":{"line":25,"column":5}},"type":"if","locations":[{"start":{"line":20,"column":4},"end":{"line":25,"column":5}},{"start":{},"end":{}}],"line":20},"3":{"loc":{"start":{"line":28,"column":4},"end":{"line":34,"column":5}},"type":"if","locations":[{"start":{"line":28,"column":4},"end":{"line":34,"column":5}},{"start":{},"end":{}}],"line":28},"4":{"loc":{"start":{"line":50,"column":4},"end":{"line":55,"column":5}},"type":"if","locations":[{"start":{"line":50,"column":4},"end":{"line":55,"column":5}},{"start":{},"end":{}}],"line":50},"5":{"loc":{"start":{"line":50,"column":8},"end":{"line":50,"column":27}},"type":"binary-expr","locations":[{"start":{"line":50,"column":8},"end":{"line":50,"column":14}},{"start":{"line":50,"column":18},"end":{"line":50,"column":27}}],"line":50},"6":{"loc":{"start":{"line":57,"column":4},"end":{"line":62,"column":5}},"type":"if","locations":[{"start":{"line":57,"column":4},"end":{"line":62,"column":5}},{"start":{},"end":{}}],"line":57},"7":{"loc":{"start":{"line":85,"column":4},"end":{"line":91,"column":5}},"type":"if","locations":[{"start":{"line":85,"column":4},"end":{"line":91,"column":5}},{"start":{},"end":{}}],"line":85}},"s":{"0":1,"1":4,"2":4,"3":4,"4":1,"5":3,"6":1,"7":2,"8":2,"9":1,"10":1,"11":0,"12":0,"13":0,"14":0,"15":0,"16":0,"17":0,"18":0,"19":0,"20":0,"21":0,"22":4,"23":4,"24":4,"25":4,"26":4,"27":4,"28":4,"29":4,"30":2,"31":2,"32":0,"33":0,"34":1},"f":{"0":4,"1":0,"2":4},"b":{"0":[1,3],"1":[4,3],"2":[1,2],"3":[1,1],"4":[0,0],"5":[0,0],"6":[0,0],"7":[2,2]},"_coverageSchema":"1a1c01bbd47fc00a2c39e90264f33305004495a9","hash":"6b8c376423c2df06bc913f335b026183aba2de5c"}
,"/home/joshnick/Desktop/Brave-Redemptive/task-management-api/models/BlacklistedToken.js": {"path":"/home/joshnick/Desktop/Brave-Redemptive/task-management-api/models/BlacklistedToken.js","statementMap":{"0":{"start":{"line":2,"column":17},"end":{"line":2,"column":36}},"1":{"start":{"line":4,"column":31},"end":{"line":16,"column":2}},"2":{"start":{"line":18,"column":0},"end":{"line":18,"column":74}},"3":{"start":{"line":20,"column":0},"end":{"line":20,"column":76}}},"fnMap":{},"branchMap":{},"s":{"0":1,"1":1,"2":1,"3":1},"f":{},"b":{},"_coverageSchema":"1a1c01bbd47fc00a2c39e90264f33305004495a9","hash":"43425ff1ce6ddf61c85a255e0a76568ab1911ef0"}
,"/home/joshnick/Desktop/Brave-Redemptive/task-management-api/models/Task.js": {"path":"/home/joshnick/Desktop/Brave-Redemptive/task-management-api/models/Task.js","statementMap":{"0":{"start":{"line":1,"column":17},"end":{"line":1,"column":36}},"1":{"start":{"line":3,"column":19},"end":{"line":26,"column":2}},"2":{"start":{"line":28,"column":0},"end":{"line":28,"column":57}},"3":{"start":{"line":30,"column":0},"end":{"line":30,"column":52}}},"fnMap":{},"branchMap":{},"s":{"0":1,"1":1,"2":1,"3":1},"f":{},"b":{},"_coverageSchema":"1a1c01bbd47fc00a2c39e90264f33305004495a9","hash":"9dd71acb0d6e12cb1f28c006c93581ea124a5b8f"}
,"/home/joshnick/Desktop/Brave-Redemptive/task-management-api/models/User.js": {"path":"/home/joshnick/Desktop/Brave-Redemptive/task-management-api/models/User.js","statementMap":{"0":{"start":{"line":1,"column":17},"end":{"line":1,"column":36}},"1":{"start":{"line":3,"column":19},"end":{"line":40,"column":2}},"2":{"start":{"line":42,"column":0},"end":{"line":44,"column":3}},"3":{"start":{"line":43,"column":2},"end":{"line":43,"column":59}},"4":{"start":{"line":46,"column":0},"end":{"line":63,"column":2}},"5":{"start":{"line":47,"column":2},"end":{"line":52,"column":3}},"6":{"start":{"line":48,"column":4},"end":{"line":51,"column":7}},"7":{"start":{"line":54,"column":18},"end":{"line":54,"column":54}},"8":{"start":{"line":56,"column":22},"end":{"line":56,"column":67}},"9":{"start":{"line":57,"column":2},"end":{"line":60,"column":3}},"10":{"start":{"line":58,"column":21},"end":{"line":58,"column":58}},"11":{"start":{"line":59,"column":4},"end":{"line":59,"column":70}},"12":{"start":{"line":62,"column":2},"end":{"line":62,"column":33}},"13":{"start":{"line":65,"column":0},"end":{"line":70,"column":2}},"14":{"start":{"line":66,"column":2},"end":{"line":69,"column":5}},"15":{"start":{"line":72,"column":0},"end":{"line":72,"column":52}}},"fnMap":{"0":{"name":"(anonymous_0)","decl":{"start":{"line":42,"column":35},"end":{"line":42,"column":36}},"loc":{"start":{"line":42,"column":46},"end":{"line":44,"column":1}},"line":42},"1":{"name":"(anonymous_1)","decl":{"start":{"line":46,"column":44},"end":{"line":46,"column":45}},"loc":{"start":{"line":46,"column":55},"end":{"line":63,"column":1}},"line":46},"2":{"name":"(anonymous_2)","decl":{"start":{"line":65,"column":40},"end":{"line":65,"column":41}},"loc":{"start":{"line":65,"column":51},"end":{"line":70,"column":1}},"line":65}},"branchMap":{"0":{"loc":{"start":{"line":43,"column":12},"end":{"line":43,"column":57}},"type":"binary-expr","locations":[{"start":{"line":43,"column":12},"end":{"line":43,"column":26}},{"start":{"line":43,"column":30},"end":{"line":43,"column":57}}],"line":43},"1":{"loc":{"start":{"line":47,"column":2},"end":{"line":52,"column":3}},"type":"if","locations":[{"start":{"line":47,"column":2},"end":{"line":52,"column":3}},{"start":{},"end":{}}],"line":47},"2":{"loc":{"start":{"line":47,"column":6},"end":{"line":47,"column":51}},"type":"binary-expr","locations":[{"start":{"line":47,"column":6},"end":{"line":47,"column":20}},{"start":{"line":47,"column":24},"end":{"line":47,"column":51}}],"line":47},"3":{"loc":{"start":{"line":56,"column":22},"end":{"line":56,"column":67}},"type":"binary-expr","locations":[{"start":{"line":56,"column":22},"end":{"line":56,"column":62}},{"start":{"line":56,"column":66},"end":{"line":56,"column":67}}],"line":56},"4":{"loc":{"start":{"line":57,"column":2},"end":{"line":60,"column":3}},"type":"if","locations":[{"start":{"line":57,"column":2},"end":{"line":60,"column":3}},{"start":{},"end":{}}],"line":57},"5":{"loc":{"start":{"line":57,"column":6},"end":{"line":57,"column":67}},"type":"binary-expr","locations":[{"start":{"line":57,"column":6},"end":{"line":57,"column":49}},{"start":{"line":57,"column":53},"end":{"line":57,"column":67}}],"line":57},"6":{"loc":{"start":{"line":58,"column":21},"end":{"line":58,"column":58}},"type":"binary-expr","locations":[{"start":{"line":58,"column":21},"end":{"line":58,"column":52}},{"start":{"line":58,"column":56},"end":{"line":58,"column":58}}],"line":58}},"s":{"0":2,"1":2,"2":2,"3":9,"4":2,"5":4,"6":0,"7":4,"8":4,"9":4,"10":1,"11":1,"12":4,"13":2,"14":1,"15":2},"f":{"0":9,"1":4,"2":1},"b":{"0":[9,1],"1":[0,4],"2":[4,0],"3":[4,4],"4":[1,3],"5":[4,1],"6":[1,1]},"_coverageSchema":"1a1c01bbd47fc00a2c39e90264f33305004495a9","hash":"b1c9c3238f6353a4a45b4104f192aec0b5f2ed45"}
,"/home/joshnick/Desktop/Brave-Redemptive/task-management-api/tests/setup.js": {"path":"/home/joshnick/Desktop/Brave-Redemptive/task-management-api/tests/setup.js","statementMap":{"0":{"start":{"line":1,"column":30},"end":{"line":1,"column":62}},"1":{"start":{"line":2,"column":17},"end":{"line":2,"column":36}},"2":{"start":{"line":6,"column":0},"end":{"line":11,"column":3}},"3":{"start":{"line":7,"column":2},"end":{"line":7,"column":49}},"4":{"start":{"line":8,"column":19},"end":{"line":8,"column":39}},"5":{"start":{"line":10,"column":2},"end":{"line":10,"column":35}},"6":{"start":{"line":13,"column":0},"end":{"line":16,"column":3}},"7":{"start":{"line":14,"column":2},"end":{"line":14,"column":30}},"8":{"start":{"line":15,"column":2},"end":{"line":15,"column":27}},"9":{"start":{"line":18,"column":0},"end":{"line":23,"column":3}},"10":{"start":{"line":19,"column":22},"end":{"line":19,"column":53}},"11":{"start":{"line":20,"column":2},"end":{"line":22,"column":3}},"12":{"start":{"line":21,"column":4},"end":{"line":21,"column":40}}},"fnMap":{"0":{"name":"(anonymous_0)","decl":{"start":{"line":6,"column":10},"end":{"line":6,"column":11}},"loc":{"start":{"line":6,"column":22},"end":{"line":11,"column":1}},"line":6},"1":{"name":"(anonymous_1)","decl":{"start":{"line":13,"column":9},"end":{"line":13,"column":10}},"loc":{"start":{"line":13,"column":21},"end":{"line":16,"column":1}},"line":13},"2":{"name":"(anonymous_2)","decl":{"start":{"line":18,"column":10},"end":{"line":18,"column":11}},"loc":{"start":{"line":18,"column":22},"end":{"line":23,"column":1}},"line":18}},"branchMap":{},"s":{"0":3,"1":3,"2":3,"3":3,"4":3,"5":3,"6":3,"7":3,"8":3,"9":3,"10":49,"11":49,"12":68},"f":{"0":3,"1":3,"2":49},"b":{},"_coverageSchema":"1a1c01bbd47fc00a2c39e90264f33305004495a9","hash":"302bbbee5e55061f274f6b2f3044709b900f2ab1"}
,"/home/joshnick/Desktop/Brave-Redemptive/task-management-api/utils/jwtUtils.js": {"path":"/home/joshnick/Desktop/Brave-Redemptive/task-management-api/utils/jwtUtils.js","statementMap":{"0":{"start":{"line":1,"column":12},"end":{"line":1,"column":35}},"1":{"start":{"line":5,"column":17},"end":{"line":5,"column":73}},"2":{"start":{"line":6,"column":17},"end":{"line":6,"column":55}},"3":{"start":{"line":8,"column":2},"end":{"line":8,"column":58}},"4":{"start":{"line":13,"column":17},"end":{"line":13,"column":75}},"5":{"start":{"line":14,"column":17},"end":{"line":14,"column":55}},"6":{"start":{"line":16,"column":2},"end":{"line":16,"column":58}},"7":{"start":{"line":21,"column":2},"end":{"line":26,"column":3}},"8":{"start":{"line":22,"column":19},"end":{"line":22,"column":75}},"9":{"start":{"line":23,"column":4},"end":{"line":23,"column":37}},"10":{"start":{"line":25,"column":4},"end":{"line":25,"column":16}},"11":{"start":{"line":31,"column":2},"end":{"line":36,"column":3}},"12":{"start":{"line":32,"column":19},"end":{"line":32,"column":77}},"13":{"start":{"line":33,"column":4},"end":{"line":33,"column":37}},"14":{"start":{"line":35,"column":4},"end":{"line":35,"column":16}},"15":{"start":{"line":41,"column":2},"end":{"line":43,"column":3}},"16":{"start":{"line":42,"column":4},"end":{"line":42,"column":16}},"17":{"start":{"line":45,"column":2},"end":{"line":45,"column":33}},"18":{"start":{"line":48,"column":0},"end":{"line":54,"column":2}}},"fnMap":{"0":{"name":"generateAccessToken","decl":{"start":{"line":4,"column":9},"end":{"line":4,"column":28}},"loc":{"start":{"line":4,"column":38},"end":{"line":9,"column":1}},"line":4},"1":{"name":"generateRefreshToken","decl":{"start":{"line":12,"column":9},"end":{"line":12,"column":29}},"loc":{"start":{"line":12,"column":39},"end":{"line":17,"column":1}},"line":12},"2":{"name":"verifyAccessToken","decl":{"start":{"line":20,"column":9},"end":{"line":20,"column":26}},"loc":{"start":{"line":20,"column":34},"end":{"line":27,"column":1}},"line":20},"3":{"name":"verifyRefreshToken","decl":{"start":{"line":30,"column":9},"end":{"line":30,"column":27}},"loc":{"start":{"line":30,"column":35},"end":{"line":37,"column":1}},"line":30},"4":{"name":"extractTokenFromHeader","decl":{"start":{"line":40,"column":9},"end":{"line":40,"column":31}},"loc":{"start":{"line":40,"column":44},"end":{"line":46,"column":1}},"line":40}},"branchMap":{"0":{"loc":{"start":{"line":5,"column":17},"end":{"line":5,"column":73}},"type":"binary-expr","locations":[{"start":{"line":5,"column":17},"end":{"line":5,"column":46}},{"start":{"line":5,"column":50},"end":{"line":5,"column":73}}],"line":5},"1":{"loc":{"start":{"line":6,"column":17},"end":{"line":6,"column":55}},"type":"binary-expr","locations":[{"start":{"line":6,"column":17},"end":{"line":6,"column":46}},{"start":{"line":6,"column":50},"end":{"line":6,"column":55}}],"line":6},"2":{"loc":{"start":{"line":13,"column":17},"end":{"line":13,"column":75}},"type":"binary-expr","locations":[{"start":{"line":13,"column":17},"end":{"line":13,"column":47}},{"start":{"line":13,"column":51},"end":{"line":13,"column":75}}],"line":13},"3":{"loc":{"start":{"line":14,"column":17},"end":{"line":14,"column":55}},"type":"binary-expr","locations":[{"start":{"line":14,"column":17},"end":{"line":14,"column":47}},{"start":{"line":14,"column":51},"end":{"line":14,"column":55}}],"line":14},"4":{"loc":{"start":{"line":22,"column":19},"end":{"line":22,"column":75}},"type":"binary-expr","locations":[{"start":{"line":22,"column":19},"end":{"line":22,"column":48}},{"start":{"line":22,"column":52},"end":{"line":22,"column":75}}],"line":22},"5":{"loc":{"start":{"line":32,"column":19},"end":{"line":32,"column":77}},"type":"binary-expr","locations":[{"start":{"line":32,"column":19},"end":{"line":32,"column":49}},{"start":{"line":32,"column":53},"end":{"line":32,"column":77}}],"line":32},"6":{"loc":{"start":{"line":41,"column":2},"end":{"line":43,"column":3}},"type":"if","locations":[{"start":{"line":41,"column":2},"end":{"line":43,"column":3}},{"start":{},"end":{}}],"line":41},"7":{"loc":{"start":{"line":41,"column":6},"end":{"line":41,"column":54}},"type":"binary-expr","locations":[{"start":{"line":41,"column":6},"end":{"line":41,"column":17}},{"start":{"line":41,"column":21},"end":{"line":41,"column":54}}],"line":41}},"s":{"0":3,"1":9,"2":9,"3":9,"4":13,"5":13,"6":13,"7":6,"8":6,"9":6,"10":4,"11":8,"12":8,"13":8,"14":2,"15":4,"16":2,"17":2,"18":3},"f":{"0":9,"1":13,"2":6,"3":8,"4":4},"b":{"0":[9,9],"1":[9,9],"2":[13,13],"3":[13,13],"4":[6,6],"5":[8,8],"6":[2,2],"7":[4,3]},"_coverageSchema":"1a1c01bbd47fc00a2c39e90264f33305004495a9","hash":"8b74a4dcdea211f6bf4ff5358f3c0b6e9cf6f997"}
,"/home/joshnick/Desktop/Brave-Redemptive/task-management-api/utils/validators.js": {"path":"/home/joshnick/Desktop/Brave-Redemptive/task-management-api/utils/validators.js","statementMap":{"0":{"start":{"line":3,"column":2},"end":{"line":5,"column":3}},"1":{"start":{"line":4,"column":4},"end":{"line":4,"column":17}},"2":{"start":{"line":7,"column":21},"end":{"line":7,"column":49}},"3":{"start":{"line":9,"column":25},"end":{"line":9,"column":35}},"4":{"start":{"line":11,"column":22},"end":{"line":11,"column":82}},"5":{"start":{"line":13,"column":2},"end":{"line":15,"column":3}},"6":{"start":{"line":14,"column":4},"end":{"line":14,"column":17}},"7":{"start":{"line":17,"column":2},"end":{"line":17,"column":32}},"8":{"start":{"line":22,"column":17},"end":{"line":22,"column":19}},"9":{"start":{"line":24,"column":2},"end":{"line":26,"column":3}},"10":{"start":{"line":25,"column":4},"end":{"line":25,"column":64}},"11":{"start":{"line":29,"column":2},"end":{"line":31,"column":3}},"12":{"start":{"line":30,"column":4},"end":{"line":30,"column":63}},"13":{"start":{"line":33,"column":2},"end":{"line":35,"column":3}},"14":{"start":{"line":34,"column":4},"end":{"line":34,"column":71}},"15":{"start":{"line":37,"column":2},"end":{"line":39,"column":3}},"16":{"start":{"line":38,"column":4},"end":{"line":38,"column":71}},"17":{"start":{"line":41,"column":2},"end":{"line":43,"column":3}},"18":{"start":{"line":42,"column":4},"end":{"line":42,"column":61}},"19":{"start":{"line":45,"column":2},"end":{"line":47,"column":3}},"20":{"start":{"line":46,"column":4},"end":{"line":46,"column":72}},"21":{"start":{"line":49,"column":2},"end":{"line":52,"column":4}},"22":{"start":{"line":57,"column":2},"end":{"line":59,"column":3}},"23":{"start":{"line":58,"column":4},"end":{"line":58,"column":14}},"24":{"start":{"line":61,"column":18},"end":{"line":61,"column":23}},"25":{"start":{"line":63,"column":2},"end":{"line":63,"column":48}},"26":{"start":{"line":65,"column":2},"end":{"line":65,"column":47}},"27":{"start":{"line":67,"column":2},"end":{"line":67,"column":88}},"28":{"start":{"line":69,"column":2},"end":{"line":69,"column":56}},"29":{"start":{"line":71,"column":2},"end":{"line":71,"column":31}},"30":{"start":{"line":73,"column":2},"end":{"line":73,"column":19}},"31":{"start":{"line":78,"column":17},"end":{"line":78,"column":19}},"32":{"start":{"line":80,"column":2},"end":{"line":91,"column":3}},"33":{"start":{"line":81,"column":4},"end":{"line":81,"column":37}},"34":{"start":{"line":83,"column":4},"end":{"line":85,"column":5}},"35":{"start":{"line":84,"column":6},"end":{"line":84,"column":58}},"36":{"start":{"line":88,"column":4},"end":{"line":90,"column":5}},"37":{"start":{"line":89,"column":6},"end":{"line":89,"column":55}},"38":{"start":{"line":93,"column":2},"end":{"line":103,"column":3}},"39":{"start":{"line":94,"column":4},"end":{"line":94,"column":43}},"40":{"start":{"line":96,"column":4},"end":{"line":98,"column":5}},"41":{"start":{"line":97,"column":6},"end":{"line":97,"column":64}},"42":{"start":{"line":100,"column":4},"end":{"line":102,"column":5}},"43":{"start":{"line":101,"column":6},"end":{"line":101,"column":61}},"44":{"start":{"line":105,"column":2},"end":{"line":108,"column":4}},"45":{"start":{"line":113,"column":2},"end":{"line":115,"column":3}},"46":{"start":{"line":114,"column":4},"end":{"line":114,"column":17}},"47":{"start":{"line":117,"column":24},"end":{"line":117,"column":43}},"48":{"start":{"line":118,"column":2},"end":{"line":118,"column":32}},"49":{"start":{"line":121,"column":0},"end":{"line":127,"column":2}}},"fnMap":{"0":{"name":"validateEmail","decl":{"start":{"line":2,"column":9},"end":{"line":2,"column":22}},"loc":{"start":{"line":2,"column":30},"end":{"line":18,"column":1}},"line":2},"1":{"name":"validatePassword","decl":{"start":{"line":21,"column":9},"end":{"line":21,"column":25}},"loc":{"start":{"line":21,"column":36},"end":{"line":53,"column":1}},"line":21},"2":{"name":"sanitizeInput","decl":{"start":{"line":56,"column":9},"end":{"line":56,"column":22}},"loc":{"start":{"line":56,"column":30},"end":{"line":74,"column":1}},"line":56},"3":{"name":"validateTaskInput","decl":{"start":{"line":77,"column":9},"end":{"line":77,"column":26}},"loc":{"start":{"line":77,"column":47},"end":{"line":109,"column":1}},"line":77},"4":{"name":"validateObjectId","decl":{"start":{"line":112,"column":9},"end":{"line":112,"column":25}},"loc":{"start":{"line":112,"column":30},"end":{"line":119,"column":1}},"line":112}},"branchMap":{"0":{"loc":{"start":{"line":3,"column":2},"end":{"line":5,"column":3}},"type":"if","locations":[{"start":{"line":3,"column":2},"end":{"line":5,"column":3}},{"start":{},"end":{}}],"line":3},"1":{"loc":{"start":{"line":3,"column":6},"end":{"line":3,"column":41}},"type":"binary-expr","locations":[{"start":{"line":3,"column":6},"end":{"line":3,"column":12}},{"start":{"line":3,"column":16},"end":{"line":3,"column":41}}],"line":3},"2":{"loc":{"start":{"line":13,"column":2},"end":{"line":15,"column":3}},"type":"if","locations":[{"start":{"line":13,"column":2},"end":{"line":15,"column":3}},{"start":{},"end":{}}],"line":13},"3":{"loc":{"start":{"line":13,"column":6},"end":{"line":13,"column":59}},"type":"binary-expr","locations":[{"start":{"line":13,"column":6},"end":{"line":13,"column":32}},{"start":{"line":13,"column":36},"end":{"line":13,"column":59}}],"line":13},"4":{"loc":{"start":{"line":24,"column":2},"end":{"line":26,"column":3}},"type":"if","locations":[{"start":{"line":24,"column":2},"end":{"line":26,"column":3}},{"start":{},"end":{}}],"line":24},"5":{"loc":{"start":{"line":24,"column":6},"end":{"line":24,"column":47}},"type":"binary-expr","locations":[{"start":{"line":24,"column":6},"end":{"line":24,"column":15}},{"start":{"line":24,"column":19},"end":{"line":24,"column":47}}],"line":24},"6":{"loc":{"start":{"line":29,"column":2},"end":{"line":31,"column":3}},"type":"if","locations":[{"start":{"line":29,"column":2},"end":{"line":31,"column":3}},{"start":{},"end":{}}],"line":29},"7":{"loc":{"start":{"line":33,"column":2},"end":{"line":35,"column":3}},"type":"if","locations":[{"start":{"line":33,"column":2},"end":{"line":35,"column":3}},{"start":{},"end":{}}],"line":33},"8":{"loc":{"start":{"line":37,"column":2},"end":{"line":39,"column":3}},"type":"if","locations":[{"start":{"line":37,"column":2},"end":{"line":39,"column":3}},{"start":{},"end":{}}],"line":37},"9":{"loc":{"start":{"line":41,"column":2},"end":{"line":43,"column":3}},"type":"if","locations":[{"start":{"line":41,"column":2},"end":{"line":43,"column":3}},{"start":{},"end":{}}],"line":41},"10":{"loc":{"start":{"line":45,"column":2},"end":{"line":47,"column":3}},"type":"if","locations":[{"start":{"line":45,"column":2},"end":{"line":47,"column":3}},{"start":{},"end":{}}],"line":45},"11":{"loc":{"start":{"line":57,"column":2},"end":{"line":59,"column":3}},"type":"if","locations":[{"start":{"line":57,"column":2},"end":{"line":59,"column":3}},{"start":{},"end":{}}],"line":57},"12":{"loc":{"start":{"line":57,"column":6},"end":{"line":57,"column":41}},"type":"binary-expr","locations":[{"start":{"line":57,"column":6},"end":{"line":57,"column":12}},{"start":{"line":57,"column":16},"end":{"line":57,"column":41}}],"line":57},"13":{"loc":{"start":{"line":80,"column":2},"end":{"line":91,"column":3}},"type":"if","locations":[{"start":{"line":80,"column":2},"end":{"line":91,"column":3}},{"start":{"line":82,"column":9},"end":{"line":91,"column":3}}],"line":80},"14":{"loc":{"start":{"line":80,"column":6},"end":{"line":80,"column":64}},"type":"binary-expr","locations":[{"start":{"line":80,"column":6},"end":{"line":80,"column":12}},{"start":{"line":80,"column":16},"end":{"line":80,"column":41}},{"start":{"line":80,"column":45},"end":{"line":80,"column":64}}],"line":80},"15":{"loc":{"start":{"line":83,"column":4},"end":{"line":85,"column":5}},"type":"if","locations":[{"start":{"line":83,"column":4},"end":{"line":85,"column":5}},{"start":{},"end":{}}],"line":83},"16":{"loc":{"start":{"line":88,"column":4},"end":{"line":90,"column":5}},"type":"if","locations":[{"start":{"line":88,"column":4},"end":{"line":90,"column":5}},{"start":{},"end":{}}],"line":88},"17":{"loc":{"start":{"line":93,"column":2},"end":{"line":103,"column":3}},"type":"if","locations":[{"start":{"line":93,"column":2},"end":{"line":103,"column":3}},{"start":{"line":95,"column":9},"end":{"line":103,"column":3}}],"line":93},"18":{"loc":{"start":{"line":93,"column":6},"end":{"line":93,"column":82}},"type":"binary-expr","locations":[{"start":{"line":93,"column":6},"end":{"line":93,"column":18}},{"start":{"line":93,"column":22},"end":{"line":93,"column":53}},{"start":{"line":93,"column":57},"end":{"line":93,"column":82}}],"line":93},"19":{"loc":{"start":{"line":96,"column":4},"end":{"line":98,"column":5}},"type":"if","locations":[{"start":{"line":96,"column":4},"end":{"line":98,"column":5}},{"start":{},"end":{}}],"line":96},"20":{"loc":{"start":{"line":100,"column":4},"end":{"line":102,"column":5}},"type":"if","locations":[{"start":{"line":100,"column":4},"end":{"line":102,"column":5}},{"start":{},"end":{}}],"line":100},"21":{"loc":{"start":{"line":113,"column":2},"end":{"line":115,"column":3}},"type":"if","locations":[{"start":{"line":113,"column":2},"end":{"line":115,"column":3}},{"start":{},"end":{}}],"line":113},"22":{"loc":{"start":{"line":113,"column":6},"end":{"line":113,"column":35}},"type":"binary-expr","locations":[{"start":{"line":113,"column":6},"end":{"line":113,"column":9}},{"start":{"line":113,"column":13},"end":{"line":113,"column":35}}],"line":113}},"s":{"0":19,"1":2,"2":17,"3":17,"4":17,"5":17,"6":2,"7":15,"8":14,"9":14,"10":2,"11":12,"12":3,"13":12,"14":3,"15":12,"16":1,"17":12,"18":3,"19":12,"20":3,"21":12,"22":37,"23":3,"24":34,"25":34,"26":34,"27":34,"28":34,"29":34,"30":34,"31":10,"32":10,"33":2,"34":8,"35":2,"36":8,"37":1,"38":10,"39":1,"40":9,"41":1,"42":9,"43":0,"44":10,"45":3,"46":0,"47":3,"48":3,"49":4},"f":{"0":19,"1":14,"2":37,"3":10,"4":3},"b":{"0":[2,17],"1":[19,17],"2":[2,15],"3":[17,15],"4":[2,12],"5":[14,12],"6":[3,9],"7":[3,9],"8":[1,11],"9":[3,9],"10":[3,9],"11":[3,34],"12":[37,34],"13":[2,8],"14":[10,8,8],"15":[2,6],"16":[1,7],"17":[1,9],"18":[10,9,9],"19":[1,8],"20":[0,9],"21":[0,3],"22":[3,3]},"_coverageSchema":"1a1c01bbd47fc00a2c39e90264f33305004495a9","hash":"6a53e9f79a30a2b50b12d4788ccfc63ebb69abfa"}
}
