TN:
SF:controllers/authController.js
FN:12,register
FN:75,login
FN:157,refresh
FN:193,(anonymous_3)
FN:223,logout
FNF:5
FNH:5
FNDA:5,register
FNDA:8,login
FNDA:3,refresh
FNDA:2,(anonymous_3)
FNDA:3,logout
DA:1,1
DA:2,1
DA:3,1
DA:4,1
DA:9,1
DA:13,5
DA:14,5
DA:16,5
DA:18,5
DA:19,1
DA:25,4
DA:26,4
DA:27,1
DA:35,3
DA:36,3
DA:37,1
DA:44,2
DA:45,2
DA:48,2
DA:54,2
DA:65,0
DA:66,0
DA:76,8
DA:77,8
DA:79,8
DA:81,8
DA:82,0
DA:88,8
DA:89,8
DA:90,0
DA:96,8
DA:97,1
DA:98,1
DA:104,7
DA:106,7
DA:107,4
DA:109,4
DA:115,3
DA:116,1
DA:119,3
DA:120,3
DA:124,3
DA:129,3
DA:134,3
DA:147,0
DA:148,0
DA:158,3
DA:159,3
DA:161,3
DA:162,0
DA:168,3
DA:169,3
DA:170,1
DA:176,2
DA:177,2
DA:178,0
DA:184,2
DA:185,2
DA:186,0
DA:192,2
DA:193,2
DA:195,2
DA:196,1
DA:202,1
DA:207,1
DA:213,0
DA:214,0
DA:224,3
DA:225,3
DA:227,3
DA:228,0
DA:234,3
DA:235,3
DA:236,3
DA:237,3
DA:238,3
DA:240,3
DA:245,3
DA:251,3
DA:257,0
DA:258,0
DA:266,1
LF:82
LH:68
BRDA:18,0,0,1
BRDA:18,0,1,4
BRDA:26,1,0,1
BRDA:26,1,1,3
BRDA:36,2,0,1
BRDA:36,2,1,2
BRDA:44,3,0,2
BRDA:44,3,1,2
BRDA:81,4,0,0
BRDA:81,4,1,8
BRDA:81,5,0,8
BRDA:81,5,1,8
BRDA:89,6,0,0
BRDA:89,6,1,8
BRDA:96,7,0,1
BRDA:96,7,1,7
BRDA:106,8,0,4
BRDA:106,8,1,3
BRDA:115,9,0,1
BRDA:115,9,1,2
BRDA:115,10,0,3
BRDA:115,10,1,2
BRDA:161,11,0,0
BRDA:161,11,1,3
BRDA:169,12,0,1
BRDA:169,12,1,2
BRDA:177,13,0,0
BRDA:177,13,1,2
BRDA:185,14,0,0
BRDA:185,14,1,2
BRDA:195,15,0,1
BRDA:195,15,1,1
BRDA:227,16,0,0
BRDA:227,16,1,3
BRDA:235,17,0,3
BRDA:235,17,1,0
BRF:36
BRH:29
end_of_record
TN:
SF:controllers/taskController.js
FN:5,getTasks
FN:36,createTask
FN:70,updateTask
FN:129,deleteTask
FN:173,searchTasks
FN:221,filterTasks
FNF:6
FNH:5
FNDA:3,getTasks
FNDA:3,createTask
FNDA:0,updateTask
FNDA:4,deleteTask
FNDA:4,searchTasks
FNDA:3,filterTasks
DA:2,1
DA:3,1
DA:6,3
DA:7,3
DA:9,3
DA:11,3
DA:12,2
DA:15,3
DA:19,3
DA:26,0
DA:27,0
DA:37,3
DA:38,3
DA:39,3
DA:41,3
DA:42,3
DA:44,3
DA:51,3
DA:53,3
DA:60,0
DA:61,0
DA:71,0
DA:72,0
DA:73,0
DA:74,0
DA:76,0
DA:77,0
DA:83,0
DA:84,0
DA:85,0
DA:92,0
DA:94,0
DA:95,0
DA:101,0
DA:102,0
DA:108,0
DA:109,0
DA:110,0
DA:112,0
DA:119,0
DA:120,0
DA:130,4
DA:131,4
DA:132,4
DA:134,4
DA:135,1
DA:141,3
DA:142,1
DA:148,2
DA:150,2
DA:151,1
DA:157,1
DA:163,0
DA:164,0
DA:174,4
DA:175,4
DA:176,4
DA:178,4
DA:180,4
DA:181,4
DA:184,4
DA:185,2
DA:191,4
DA:192,4
DA:193,4
DA:199,4
DA:211,0
DA:212,0
DA:222,3
DA:223,3
DA:224,3
DA:226,3
DA:228,3
DA:229,3
DA:232,3
DA:233,3
DA:236,3
DA:237,3
DA:238,3
DA:244,3
DA:256,0
DA:257,0
DA:265,1
LF:83
LH:53
BRDA:11,0,0,2
BRDA:11,0,1,1
BRDA:42,1,0,0
BRDA:42,1,1,3
BRDA:42,2,0,3
BRDA:42,2,1,0
BRDA:76,3,0,0
BRDA:76,3,1,0
BRDA:84,4,0,0
BRDA:84,4,1,0
BRDA:84,5,0,0
BRDA:84,5,1,0
BRDA:94,6,0,0
BRDA:94,6,1,0
BRDA:101,7,0,0
BRDA:101,7,1,0
BRDA:101,8,0,0
BRDA:101,8,1,0
BRDA:134,9,0,1
BRDA:134,9,1,3
BRDA:141,10,0,1
BRDA:141,10,1,2
BRDA:150,11,0,1
BRDA:150,11,1,1
BRDA:176,12,0,0
BRDA:176,13,0,0
BRDA:176,14,0,0
BRDA:180,15,0,4
BRDA:180,15,1,0
BRDA:184,16,0,2
BRDA:184,16,1,2
BRDA:184,17,0,4
BRDA:184,17,1,2
BRDA:224,18,0,0
BRDA:224,19,0,0
BRDA:228,20,0,3
BRDA:228,20,1,0
BRDA:232,21,0,3
BRDA:232,21,1,0
BRF:39
BRH:17
end_of_record
TN:
SF:middleware/auth.js
FN:3,authenticate
FNF:1
FNH:1
FNDA:4,authenticate
DA:1,1
DA:4,4
DA:5,4
DA:6,4
DA:8,4
DA:9,2
DA:15,2
DA:16,2
DA:17,1
DA:23,1
DA:28,1
DA:30,0
DA:31,0
DA:38,1
LF:14
LH:12
BRDA:8,0,0,2
BRDA:8,0,1,2
BRDA:16,1,0,1
BRDA:16,1,1,1
BRF:4
BRH:4
end_of_record
TN:
SF:middleware/authorize.js
FN:2,authorize
FN:3,(anonymous_1)
FNF:2
FNH:2
FNDA:3,authorize
FNDA:3,(anonymous_1)
DA:3,3
DA:4,3
DA:5,3
DA:6,1
DA:12,2
DA:13,1
DA:19,1
DA:21,0
DA:22,0
DA:30,1
LF:10
LH:8
BRDA:5,0,0,1
BRDA:5,0,1,2
BRDA:12,1,0,1
BRDA:12,1,1,1
BRF:4
BRH:4
end_of_record
TN:
SF:middleware/validate.js
FN:9,validateRegistration
FN:46,validateLogin
FN:74,validateTask
FNF:3
FNH:2
FNDA:4,validateRegistration
FNDA:0,validateLogin
FNDA:4,validateTask
DA:7,1
DA:10,4
DA:11,4
DA:13,4
DA:14,1
DA:20,3
DA:21,1
DA:27,2
DA:28,2
DA:29,1
DA:36,1
DA:38,0
DA:39,0
DA:47,0
DA:48,0
DA:50,0
DA:51,0
DA:57,0
DA:58,0
DA:64,0
DA:66,0
DA:67,0
DA:75,4
DA:76,4
DA:78,4
DA:79,4
DA:81,4
DA:82,4
DA:84,4
DA:85,4
DA:86,2
DA:93,2
DA:95,0
DA:96,0
DA:103,1
LF:35
LH:22
BRDA:13,0,0,1
BRDA:13,0,1,3
BRDA:13,1,0,4
BRDA:13,1,1,3
BRDA:20,2,0,1
BRDA:20,2,1,2
BRDA:28,3,0,1
BRDA:28,3,1,1
BRDA:50,4,0,0
BRDA:50,4,1,0
BRDA:50,5,0,0
BRDA:50,5,1,0
BRDA:57,6,0,0
BRDA:57,6,1,0
BRDA:85,7,0,2
BRDA:85,7,1,2
BRF:16
BRH:10
end_of_record
TN:
SF:models/BlacklistedToken.js
FNF:0
FNH:0
DA:2,1
DA:4,1
DA:18,1
DA:20,1
LF:4
LH:4
BRF:0
BRH:0
end_of_record
TN:
SF:models/Task.js
FNF:0
FNH:0
DA:1,1
DA:3,1
DA:28,1
DA:30,1
LF:4
LH:4
BRF:0
BRH:0
end_of_record
TN:
SF:models/User.js
FN:42,(anonymous_0)
FN:46,(anonymous_1)
FN:65,(anonymous_2)
FNF:3
FNH:3
FNDA:9,(anonymous_0)
FNDA:4,(anonymous_1)
FNDA:1,(anonymous_2)
DA:1,2
DA:3,2
DA:42,2
DA:43,9
DA:46,2
DA:47,4
DA:48,0
DA:54,4
DA:56,4
DA:57,4
DA:58,1
DA:59,1
DA:62,4
DA:65,2
DA:66,1
DA:72,2
LF:16
LH:15
BRDA:43,0,0,9
BRDA:43,0,1,1
BRDA:47,1,0,0
BRDA:47,1,1,4
BRDA:47,2,0,4
BRDA:47,2,1,0
BRDA:56,3,0,4
BRDA:56,3,1,4
BRDA:57,4,0,1
BRDA:57,4,1,3
BRDA:57,5,0,4
BRDA:57,5,1,1
BRDA:58,6,0,1
BRDA:58,6,1,1
BRF:14
BRH:12
end_of_record
TN:
SF:tests/setup.js
FN:6,(anonymous_0)
FN:13,(anonymous_1)
FN:18,(anonymous_2)
FNF:3
FNH:3
FNDA:3,(anonymous_0)
FNDA:3,(anonymous_1)
FNDA:49,(anonymous_2)
DA:1,3
DA:2,3
DA:6,3
DA:7,3
DA:8,3
DA:10,3
DA:13,3
DA:14,3
DA:15,3
DA:18,3
DA:19,49
DA:20,49
DA:21,68
LF:13
LH:13
BRF:0
BRH:0
end_of_record
TN:
SF:utils/jwtUtils.js
FN:4,generateAccessToken
FN:12,generateRefreshToken
FN:20,verifyAccessToken
FN:30,verifyRefreshToken
FN:40,extractTokenFromHeader
FNF:5
FNH:5
FNDA:9,generateAccessToken
FNDA:13,generateRefreshToken
FNDA:6,verifyAccessToken
FNDA:8,verifyRefreshToken
FNDA:4,extractTokenFromHeader
DA:1,3
DA:5,9
DA:6,9
DA:8,9
DA:13,13
DA:14,13
DA:16,13
DA:21,6
DA:22,6
DA:23,6
DA:25,4
DA:31,8
DA:32,8
DA:33,8
DA:35,2
DA:41,4
DA:42,2
DA:45,2
DA:48,3
LF:19
LH:19
BRDA:5,0,0,9
BRDA:5,0,1,9
BRDA:6,1,0,9
BRDA:6,1,1,9
BRDA:13,2,0,13
BRDA:13,2,1,13
BRDA:14,3,0,13
BRDA:14,3,1,13
BRDA:22,4,0,6
BRDA:22,4,1,6
BRDA:32,5,0,8
BRDA:32,5,1,8
BRDA:41,6,0,2
BRDA:41,6,1,2
BRDA:41,7,0,4
BRDA:41,7,1,3
BRF:16
BRH:16
end_of_record
TN:
SF:utils/validators.js
FN:2,validateEmail
FN:21,validatePassword
FN:56,sanitizeInput
FN:77,validateTaskInput
FN:112,validateObjectId
FNF:5
FNH:5
FNDA:19,validateEmail
FNDA:14,validatePassword
FNDA:37,sanitizeInput
FNDA:10,validateTaskInput
FNDA:3,validateObjectId
DA:3,19
DA:4,2
DA:7,17
DA:9,17
DA:11,17
DA:13,17
DA:14,2
DA:17,15
DA:22,14
DA:24,14
DA:25,2
DA:29,12
DA:30,3
DA:33,12
DA:34,3
DA:37,12
DA:38,1
DA:41,12
DA:42,3
DA:45,12
DA:46,3
DA:49,12
DA:57,37
DA:58,3
DA:61,34
DA:63,34
DA:65,34
DA:67,34
DA:69,34
DA:71,34
DA:73,34
DA:78,10
DA:80,10
DA:81,2
DA:83,8
DA:84,2
DA:88,8
DA:89,1
DA:93,10
DA:94,1
DA:96,9
DA:97,1
DA:100,9
DA:101,0
DA:105,10
DA:113,3
DA:114,0
DA:117,3
DA:118,3
DA:121,4
LF:50
LH:48
BRDA:3,0,0,2
BRDA:3,0,1,17
BRDA:3,1,0,19
BRDA:3,1,1,17
BRDA:13,2,0,2
BRDA:13,2,1,15
BRDA:13,3,0,17
BRDA:13,3,1,15
BRDA:24,4,0,2
BRDA:24,4,1,12
BRDA:24,5,0,14
BRDA:24,5,1,12
BRDA:29,6,0,3
BRDA:29,6,1,9
BRDA:33,7,0,3
BRDA:33,7,1,9
BRDA:37,8,0,1
BRDA:37,8,1,11
BRDA:41,9,0,3
BRDA:41,9,1,9
BRDA:45,10,0,3
BRDA:45,10,1,9
BRDA:57,11,0,3
BRDA:57,11,1,34
BRDA:57,12,0,37
BRDA:57,12,1,34
BRDA:80,13,0,2
BRDA:80,13,1,8
BRDA:80,14,0,10
BRDA:80,14,1,8
BRDA:80,14,2,8
BRDA:83,15,0,2
BRDA:83,15,1,6
BRDA:88,16,0,1
BRDA:88,16,1,7
BRDA:93,17,0,1
BRDA:93,17,1,9
BRDA:93,18,0,10
BRDA:93,18,1,9
BRDA:93,18,2,9
BRDA:96,19,0,1
BRDA:96,19,1,8
BRDA:100,20,0,0
BRDA:100,20,1,9
BRDA:113,21,0,0
BRDA:113,21,1,3
BRDA:113,22,0,3
BRDA:113,22,1,3
BRF:48
BRH:46
end_of_record
