{"/home/user/brave/olamarvel/week-7/backend/src/Controllers/activities.ts": {"path":"/home/user/brave/olamarvel/week-7/backend/src/Controllers/activities.ts","statementMap":{"0":{"start":{"line":2,"column":0},"end":{"line":2,"column":42}},"1":{"start":{"line":3,"column":0},"end":{"line":3,"column":34}},"2":{"start":{"line":4,"column":0},"end":{"line":4,"column":53}},"3":{"start":{"line":7,"column":30},"end":{"line":22,"column":2}},"4":{"start":{"line":7,"column":68},"end":{"line":22,"column":2}},"5":{"start":{"line":9,"column":4},"end":{"line":11,"column":5}},"6":{"start":{"line":10,"column":6},"end":{"line":10,"column":34}},"7":{"start":{"line":12,"column":10},"end":{"line":12,"column":41}},"8":{"start":{"line":13,"column":4},"end":{"line":15,"column":5}},"9":{"start":{"line":14,"column":6},"end":{"line":14,"column":62}},"10":{"start":{"line":16,"column":21},"end":{"line":16,"column":null}},"11":{"start":{"line":16,"column":10},"end":{"line":16,"column":null}},"12":{"start":{"line":17,"column":4},"end":{"line":17,"column":88}},"13":{"start":{"line":18,"column":4},"end":{"line":18,"column":63}},"14":{"start":{"line":20,"column":4},"end":{"line":20,"column":67}},"15":{"start":{"line":7,"column":13},"end":{"line":7,"column":30}},"16":{"start":{"line":24,"column":29},"end":{"line":27,"column":2}},"17":{"start":{"line":24,"column":67},"end":{"line":27,"column":2}},"18":{"start":{"line":25,"column":21},"end":{"line":25,"column":null}},"19":{"start":{"line":25,"column":8},"end":{"line":25,"column":null}},"20":{"start":{"line":26,"column":2},"end":{"line":26,"column":51}},"21":{"start":{"line":24,"column":13},"end":{"line":24,"column":29}},"22":{"start":{"line":29,"column":27},"end":{"line":35,"column":2}},"23":{"start":{"line":29,"column":65},"end":{"line":35,"column":2}},"24":{"start":{"line":30,"column":19},"end":{"line":30,"column":null}},"25":{"start":{"line":30,"column":8},"end":{"line":30,"column":null}},"26":{"start":{"line":31,"column":2},"end":{"line":33,"column":3}},"27":{"start":{"line":32,"column":4},"end":{"line":32,"column":65}},"28":{"start":{"line":34,"column":2},"end":{"line":34,"column":49}},"29":{"start":{"line":29,"column":13},"end":{"line":29,"column":27}}},"fnMap":{"0":{"name":"(anonymous_14)","decl":{"start":{"line":7,"column":30},"end":{"line":7,"column":37}},"loc":{"start":{"line":7,"column":68},"end":{"line":22,"column":2}}},"1":{"name":"(anonymous_15)","decl":{"start":{"line":7,"column":68},"end":{"line":7,"column":null}},"loc":{"start":{"line":7,"column":68},"end":{"line":22,"column":2}}},"2":{"name":"(anonymous_17)","decl":{"start":{"line":24,"column":29},"end":{"line":24,"column":36}},"loc":{"start":{"line":24,"column":67},"end":{"line":27,"column":2}}},"3":{"name":"(anonymous_18)","decl":{"start":{"line":24,"column":67},"end":{"line":24,"column":null}},"loc":{"start":{"line":24,"column":67},"end":{"line":27,"column":2}}},"4":{"name":"(anonymous_20)","decl":{"start":{"line":29,"column":27},"end":{"line":29,"column":34}},"loc":{"start":{"line":29,"column":65},"end":{"line":35,"column":2}}},"5":{"name":"(anonymous_21)","decl":{"start":{"line":29,"column":65},"end":{"line":29,"column":null}},"loc":{"start":{"line":29,"column":65},"end":{"line":35,"column":2}}}},"branchMap":{"0":{"loc":{"start":{"line":9,"column":4},"end":{"line":11,"column":5}},"type":"if","locations":[{"start":{"line":9,"column":4},"end":{"line":11,"column":5}},{"start":{},"end":{}}]},"1":{"loc":{"start":{"line":13,"column":4},"end":{"line":15,"column":5}},"type":"if","locations":[{"start":{"line":13,"column":4},"end":{"line":15,"column":5}},{"start":{},"end":{}}]},"2":{"loc":{"start":{"line":25,"column":21},"end":{"line":25,"column":null}},"type":"switch","locations":[{"start":{"line":25,"column":21},"end":{"line":25,"column":null}}]},"3":{"loc":{"start":{"line":30,"column":19},"end":{"line":30,"column":null}},"type":"switch","locations":[{"start":{"line":30,"column":19},"end":{"line":30,"column":null}}]},"4":{"loc":{"start":{"line":31,"column":2},"end":{"line":33,"column":3}},"type":"if","locations":[{"start":{"line":31,"column":2},"end":{"line":33,"column":3}},{"start":{},"end":{}}]}},"s":{"0":1,"1":1,"2":1,"3":1,"4":2,"5":2,"6":2,"7":2,"8":2,"9":1,"10":1,"11":1,"12":2,"13":1,"14":0,"15":1,"16":1,"17":1,"18":1,"19":1,"20":1,"21":1,"22":1,"23":0,"24":0,"25":0,"26":0,"27":0,"28":0,"29":1},"f":{"0":2,"1":2,"2":1,"3":1,"4":0,"5":0},"b":{"0":[2,0],"1":[1,1],"2":[1],"3":[0],"4":[0,0]}}
,"/home/user/brave/olamarvel/week-7/backend/src/Controllers/appointments.ts": {"path":"/home/user/brave/olamarvel/week-7/backend/src/Controllers/appointments.ts","statementMap":{"0":{"start":{"line":2,"column":0},"end":{"line":2,"column":49}},"1":{"start":{"line":3,"column":0},"end":{"line":3,"column":34}},"2":{"start":{"line":4,"column":0},"end":{"line":4,"column":53}},"3":{"start":{"line":7,"column":33},"end":{"line":22,"column":2}},"4":{"start":{"line":7,"column":71},"end":{"line":22,"column":2}},"5":{"start":{"line":9,"column":10},"end":{"line":9,"column":null}},"6":{"start":{"line":10,"column":4},"end":{"line":12,"column":5}},"7":{"start":{"line":11,"column":6},"end":{"line":11,"column":62}},"8":{"start":{"line":13,"column":4},"end":{"line":15,"column":5}},"9":{"start":{"line":14,"column":6},"end":{"line":14,"column":34}},"10":{"start":{"line":16,"column":17},"end":{"line":16,"column":null}},"11":{"start":{"line":16,"column":10},"end":{"line":16,"column":null}},"12":{"start":{"line":17,"column":4},"end":{"line":17,"column":83}},"13":{"start":{"line":18,"column":4},"end":{"line":18,"column":56}},"14":{"start":{"line":20,"column":4},"end":{"line":20,"column":60}},"15":{"start":{"line":7,"column":13},"end":{"line":7,"column":33}},"16":{"start":{"line":24,"column":31},"end":{"line":34,"column":2}},"17":{"start":{"line":24,"column":69},"end":{"line":34,"column":2}},"18":{"start":{"line":26,"column":23},"end":{"line":31,"column":null}},"19":{"start":{"line":26,"column":8},"end":{"line":31,"column":null}},"20":{"start":{"line":33,"column":2},"end":{"line":33,"column":57}},"21":{"start":{"line":24,"column":13},"end":{"line":24,"column":31}},"22":{"start":{"line":36,"column":30},"end":{"line":49,"column":2}},"23":{"start":{"line":36,"column":68},"end":{"line":49,"column":2}},"24":{"start":{"line":38,"column":22},"end":{"line":43,"column":null}},"25":{"start":{"line":38,"column":8},"end":{"line":43,"column":null}},"26":{"start":{"line":45,"column":2},"end":{"line":47,"column":3}},"27":{"start":{"line":46,"column":4},"end":{"line":46,"column":68}},"28":{"start":{"line":48,"column":2},"end":{"line":48,"column":56}},"29":{"start":{"line":36,"column":13},"end":{"line":36,"column":30}}},"fnMap":{"0":{"name":"(anonymous_14)","decl":{"start":{"line":7,"column":33},"end":{"line":7,"column":40}},"loc":{"start":{"line":7,"column":71},"end":{"line":22,"column":2}}},"1":{"name":"(anonymous_15)","decl":{"start":{"line":7,"column":71},"end":{"line":7,"column":null}},"loc":{"start":{"line":7,"column":71},"end":{"line":22,"column":2}}},"2":{"name":"(anonymous_17)","decl":{"start":{"line":24,"column":31},"end":{"line":24,"column":38}},"loc":{"start":{"line":24,"column":69},"end":{"line":34,"column":2}}},"3":{"name":"(anonymous_18)","decl":{"start":{"line":24,"column":69},"end":{"line":24,"column":null}},"loc":{"start":{"line":24,"column":69},"end":{"line":34,"column":2}}},"4":{"name":"(anonymous_20)","decl":{"start":{"line":36,"column":30},"end":{"line":36,"column":37}},"loc":{"start":{"line":36,"column":68},"end":{"line":49,"column":2}}},"5":{"name":"(anonymous_21)","decl":{"start":{"line":36,"column":68},"end":{"line":36,"column":null}},"loc":{"start":{"line":36,"column":68},"end":{"line":49,"column":2}}}},"branchMap":{"0":{"loc":{"start":{"line":10,"column":4},"end":{"line":12,"column":5}},"type":"if","locations":[{"start":{"line":10,"column":4},"end":{"line":12,"column":5}},{"start":{},"end":{}}]},"1":{"loc":{"start":{"line":13,"column":4},"end":{"line":15,"column":5}},"type":"if","locations":[{"start":{"line":13,"column":4},"end":{"line":15,"column":5}},{"start":{},"end":{}}]},"2":{"loc":{"start":{"line":26,"column":23},"end":{"line":31,"column":null}},"type":"switch","locations":[{"start":{"line":26,"column":23},"end":{"line":31,"column":null}}]},"3":{"loc":{"start":{"line":38,"column":22},"end":{"line":43,"column":null}},"type":"switch","locations":[{"start":{"line":38,"column":22},"end":{"line":43,"column":null}}]},"4":{"loc":{"start":{"line":45,"column":2},"end":{"line":47,"column":3}},"type":"if","locations":[{"start":{"line":45,"column":2},"end":{"line":47,"column":3}},{"start":{},"end":{}}]}},"s":{"0":2,"1":2,"2":2,"3":2,"4":3,"5":3,"6":3,"7":1,"8":2,"9":2,"10":2,"11":2,"12":4,"13":2,"14":0,"15":2,"16":2,"17":2,"18":2,"19":2,"20":2,"21":2,"22":2,"23":0,"24":0,"25":0,"26":0,"27":0,"28":0,"29":2},"f":{"0":3,"1":3,"2":2,"3":2,"4":0,"5":0},"b":{"0":[1,2],"1":[2,0],"2":[2],"3":[0],"4":[0,0]}}
,"/home/user/brave/olamarvel/week-7/backend/src/Controllers/auth.ts": {"path":"/home/user/brave/olamarvel/week-7/backend/src/Controllers/auth.ts","statementMap":{"0":{"start":{"line":2,"column":0},"end":{"line":2,"column":34}},"1":{"start":{"line":3,"column":0},"end":{"line":3,"column":53}},"2":{"start":{"line":4,"column":0},"end":{"line":4,"column":64}},"3":{"start":{"line":5,"column":0},"end":{"line":5,"column":36}},"4":{"start":{"line":6,"column":0},"end":{"line":6,"column":83}},"5":{"start":{"line":9,"column":23},"end":{"line":15,"column":null}},"6":{"start":{"line":9,"column":61},"end":{"line":15,"column":null}},"7":{"start":{"line":10,"column":10},"end":{"line":10,"column":null}},"8":{"start":{"line":11,"column":17},"end":{"line":11,"column":null}},"9":{"start":{"line":11,"column":10},"end":{"line":11,"column":null}},"10":{"start":{"line":12,"column":4},"end":{"line":12,"column":70}},"11":{"start":{"line":12,"column":15},"end":{"line":12,"column":70}},"12":{"start":{"line":13,"column":10},"end":{"line":13,"column":76}},"13":{"start":{"line":14,"column":4},"end":{"line":14,"column":121}},"14":{"start":{"line":9,"column":13},"end":{"line":9,"column":23}},"15":{"start":{"line":17,"column":24},"end":{"line":35,"column":null}},"16":{"start":{"line":17,"column":58},"end":{"line":35,"column":null}},"17":{"start":{"line":18,"column":10},"end":{"line":18,"column":41}},"18":{"start":{"line":19,"column":4},"end":{"line":21,"column":5}},"19":{"start":{"line":20,"column":8},"end":{"line":20,"column":64}},"20":{"start":{"line":22,"column":10},"end":{"line":22,"column":43}},"21":{"start":{"line":23,"column":27},"end":{"line":23,"column":null}},"22":{"start":{"line":23,"column":10},"end":{"line":23,"column":null}},"23":{"start":{"line":24,"column":18},"end":{"line":24,"column":null}},"24":{"start":{"line":24,"column":10},"end":{"line":24,"column":null}},"25":{"start":{"line":25,"column":4},"end":{"line":25,"column":null}},"26":{"start":{"line":25,"column":15},"end":{"line":25,"column":null}},"27":{"start":{"line":26,"column":17},"end":{"line":31,"column":null}},"28":{"start":{"line":26,"column":10},"end":{"line":31,"column":null}},"29":{"start":{"line":32,"column":4},"end":{"line":32,"column":null}},"30":{"start":{"line":34,"column":4},"end":{"line":34,"column":null}},"31":{"start":{"line":17,"column":13},"end":{"line":17,"column":24}},"32":{"start":{"line":37,"column":21},"end":{"line":66,"column":null}},"33":{"start":{"line":37,"column":55},"end":{"line":66,"column":null}},"34":{"start":{"line":38,"column":10},"end":{"line":38,"column":41}},"35":{"start":{"line":39,"column":4},"end":{"line":41,"column":5}},"36":{"start":{"line":40,"column":8},"end":{"line":40,"column":64}},"37":{"start":{"line":42,"column":10},"end":{"line":42,"column":32}},"38":{"start":{"line":43,"column":17},"end":{"line":43,"column":null}},"39":{"start":{"line":43,"column":10},"end":{"line":43,"column":null}},"40":{"start":{"line":44,"column":4},"end":{"line":46,"column":5}},"41":{"start":{"line":45,"column":8},"end":{"line":45,"column":77}},"42":{"start":{"line":47,"column":20},"end":{"line":47,"column":null}},"43":{"start":{"line":47,"column":10},"end":{"line":47,"column":null}},"44":{"start":{"line":48,"column":4},"end":{"line":50,"column":5}},"45":{"start":{"line":49,"column":8},"end":{"line":49,"column":82}},"46":{"start":{"line":52,"column":10},"end":{"line":52,"column":29}},"47":{"start":{"line":53,"column":10},"end":{"line":53,"column":null}},"48":{"start":{"line":54,"column":10},"end":{"line":54,"column":null}},"49":{"start":{"line":55,"column":4},"end":{"line":55,"column":null}},"50":{"start":{"line":56,"column":4},"end":{"line":56,"column":null}},"51":{"start":{"line":58,"column":4},"end":{"line":63,"column":7}},"52":{"start":{"line":65,"column":4},"end":{"line":65,"column":null}},"53":{"start":{"line":37,"column":13},"end":{"line":37,"column":21}},"54":{"start":{"line":68,"column":23},"end":{"line":105,"column":2}},"55":{"start":{"line":68,"column":57},"end":{"line":105,"column":2}},"56":{"start":{"line":69,"column":10},"end":{"line":69,"column":50}},"57":{"start":{"line":70,"column":4},"end":{"line":70,"column":null}},"58":{"start":{"line":70,"column":23},"end":{"line":70,"column":null}},"59":{"start":{"line":71,"column":10},"end":{"line":71,"column":null}},"60":{"start":{"line":72,"column":4},"end":{"line":72,"column":null}},"61":{"start":{"line":72,"column":18},"end":{"line":72,"column":null}},"62":{"start":{"line":74,"column":12},"end":{"line":74,"column":25}},"63":{"start":{"line":75,"column":17},"end":{"line":75,"column":null}},"64":{"start":{"line":75,"column":10},"end":{"line":75,"column":null}},"65":{"start":{"line":76,"column":4},"end":{"line":76,"column":null}},"66":{"start":{"line":76,"column":15},"end":{"line":76,"column":null}},"67":{"start":{"line":77,"column":10},"end":{"line":77,"column":null}},"68":{"start":{"line":77,"column":51},"end":{"line":77,"column":69}},"69":{"start":{"line":78,"column":8},"end":{"line":78,"column":9}},"70":{"start":{"line":79,"column":8},"end":{"line":79,"column":null}},"71":{"start":{"line":80,"column":8},"end":{"line":85,"column":11}},"72":{"start":{"line":86,"column":8},"end":{"line":86,"column":null}},"73":{"start":{"line":87,"column":8},"end":{"line":87,"column":null}},"74":{"start":{"line":90,"column":10},"end":{"line":90,"column":30}},"75":{"start":{"line":91,"column":10},"end":{"line":91,"column":null}},"76":{"start":{"line":92,"column":4},"end":{"line":94,"column":6}},"77":{"start":{"line":93,"column":19},"end":{"line":93,"column":null}},"78":{"start":{"line":95,"column":10},"end":{"line":95,"column":null}},"79":{"start":{"line":96,"column":4},"end":{"line":96,"column":null}},"80":{"start":{"line":97,"column":4},"end":{"line":97,"column":null}},"81":{"start":{"line":98,"column":4},"end":{"line":103,"column":null}},"82":{"start":{"line":104,"column":4},"end":{"line":104,"column":null}},"83":{"start":{"line":68,"column":13},"end":{"line":68,"column":23}},"84":{"start":{"line":107,"column":22},"end":{"line":134,"column":null}},"85":{"start":{"line":107,"column":56},"end":{"line":134,"column":null}},"86":{"start":{"line":108,"column":10},"end":{"line":108,"column":50}},"87":{"start":{"line":110,"column":4},"end":{"line":112,"column":5}},"88":{"start":{"line":111,"column":8},"end":{"line":111,"column":38}},"89":{"start":{"line":114,"column":4},"end":{"line":119,"column":7}},"90":{"start":{"line":121,"column":10},"end":{"line":121,"column":48}},"91":{"start":{"line":123,"column":8},"end":{"line":123,"column":15}},"92":{"start":{"line":124,"column":21},"end":{"line":124,"column":null}},"93":{"start":{"line":124,"column":14},"end":{"line":124,"column":null}},"94":{"start":{"line":125,"column":12},"end":{"line":125,"column":16}},"95":{"start":{"line":126,"column":12},"end":{"line":128,"column":14}},"96":{"start":{"line":127,"column":27},"end":{"line":127,"column":null}},"97":{"start":{"line":129,"column":12},"end":{"line":129,"column":30}},"98":{"start":{"line":133,"column":4},"end":{"line":133,"column":87}},"99":{"start":{"line":107,"column":13},"end":{"line":107,"column":22}}},"fnMap":{"0":{"name":"(anonymous_14)","decl":{"start":{"line":9,"column":23},"end":{"line":9,"column":30}},"loc":{"start":{"line":9,"column":61},"end":{"line":15,"column":null}}},"1":{"name":"(anonymous_15)","decl":{"start":{"line":9,"column":61},"end":{"line":9,"column":null}},"loc":{"start":{"line":9,"column":61},"end":{"line":15,"column":null}}},"2":{"name":"(anonymous_17)","decl":{"start":{"line":17,"column":24},"end":{"line":17,"column":31}},"loc":{"start":{"line":17,"column":58},"end":{"line":35,"column":null}}},"3":{"name":"(anonymous_18)","decl":{"start":{"line":17,"column":58},"end":{"line":17,"column":null}},"loc":{"start":{"line":17,"column":58},"end":{"line":35,"column":null}}},"4":{"name":"(anonymous_20)","decl":{"start":{"line":37,"column":21},"end":{"line":37,"column":28}},"loc":{"start":{"line":37,"column":55},"end":{"line":66,"column":null}}},"5":{"name":"(anonymous_21)","decl":{"start":{"line":37,"column":55},"end":{"line":37,"column":null}},"loc":{"start":{"line":37,"column":55},"end":{"line":66,"column":null}}},"6":{"name":"(anonymous_23)","decl":{"start":{"line":68,"column":23},"end":{"line":68,"column":30}},"loc":{"start":{"line":68,"column":57},"end":{"line":105,"column":2}}},"7":{"name":"(anonymous_24)","decl":{"start":{"line":68,"column":57},"end":{"line":68,"column":null}},"loc":{"start":{"line":68,"column":57},"end":{"line":105,"column":2}}},"8":{"name":"(anonymous_26)","decl":{"start":{"line":77,"column":42},"end":{"line":77,"column":47}},"loc":{"start":{"line":77,"column":47},"end":{"line":77,"column":56}}},"9":{"name":"(anonymous_27)","decl":{"start":{"line":93,"column":8},"end":{"line":93,"column":9}},"loc":{"start":{"line":93,"column":14},"end":{"line":93,"column":24}}},"10":{"name":"(anonymous_28)","decl":{"start":{"line":107,"column":22},"end":{"line":107,"column":29}},"loc":{"start":{"line":107,"column":56},"end":{"line":134,"column":null}}},"11":{"name":"(anonymous_29)","decl":{"start":{"line":107,"column":56},"end":{"line":107,"column":null}},"loc":{"start":{"line":107,"column":56},"end":{"line":134,"column":null}}},"12":{"name":"(anonymous_31)","decl":{"start":{"line":127,"column":16},"end":{"line":127,"column":17}},"loc":{"start":{"line":127,"column":22},"end":{"line":127,"column":32}}}},"branchMap":{"0":{"loc":{"start":{"line":12,"column":4},"end":{"line":12,"column":70}},"type":"if","locations":[{"start":{"line":12,"column":4},"end":{"line":12,"column":70}},{"start":{},"end":{}}]},"1":{"loc":{"start":{"line":19,"column":4},"end":{"line":21,"column":5}},"type":"if","locations":[{"start":{"line":19,"column":4},"end":{"line":21,"column":5}},{"start":{},"end":{}}]},"2":{"loc":{"start":{"line":25,"column":4},"end":{"line":25,"column":null}},"type":"if","locations":[{"start":{"line":25,"column":4},"end":{"line":25,"column":null}},{"start":{},"end":{}}]},"3":{"loc":{"start":{"line":39,"column":4},"end":{"line":41,"column":5}},"type":"if","locations":[{"start":{"line":39,"column":4},"end":{"line":41,"column":5}},{"start":{},"end":{}}]},"4":{"loc":{"start":{"line":44,"column":4},"end":{"line":46,"column":5}},"type":"if","locations":[{"start":{"line":44,"column":4},"end":{"line":46,"column":5}},{"start":{},"end":{}}]},"5":{"loc":{"start":{"line":48,"column":4},"end":{"line":50,"column":5}},"type":"if","locations":[{"start":{"line":48,"column":4},"end":{"line":50,"column":5}},{"start":{},"end":{}}]},"6":{"loc":{"start":{"line":70,"column":4},"end":{"line":70,"column":null}},"type":"if","locations":[{"start":{"line":70,"column":4},"end":{"line":70,"column":null}},{"start":{},"end":{}}]},"7":{"loc":{"start":{"line":72,"column":4},"end":{"line":72,"column":null}},"type":"if","locations":[{"start":{"line":72,"column":4},"end":{"line":72,"column":null}},{"start":{},"end":{}}]},"8":{"loc":{"start":{"line":76,"column":4},"end":{"line":76,"column":null}},"type":"if","locations":[{"start":{"line":76,"column":4},"end":{"line":76,"column":null}},{"start":{},"end":{}}]},"9":{"loc":{"start":{"line":78,"column":8},"end":{"line":78,"column":9}},"type":"if","locations":[{"start":{"line":78,"column":8},"end":{"line":78,"column":9}},{"start":{},"end":{}}]},"10":{"loc":{"start":{"line":133,"column":4},"end":{"line":133,"column":87}},"type":"switch","locations":[{"start":{"line":133,"column":4},"end":{"line":133,"column":87}}]},"11":{"loc":{"start":{"line":110,"column":4},"end":{"line":112,"column":5}},"type":"if","locations":[{"start":{"line":110,"column":4},"end":{"line":112,"column":5}},{"start":{},"end":{}}]},"12":{"loc":{"start":{"line":123,"column":8},"end":{"line":123,"column":15}},"type":"if","locations":[{"start":{"line":123,"column":8},"end":{"line":123,"column":15}},{"start":{},"end":{}}]},"13":{"loc":{"start":{"line":123,"column":8},"end":{"line":123,"column":30}},"type":"binary-expr","locations":[{"start":{"line":123,"column":8},"end":{"line":123,"column":15}},{"start":{"line":123,"column":19},"end":{"line":123,"column":30}}]},"14":{"loc":{"start":{"line":125,"column":12},"end":{"line":125,"column":16}},"type":"if","locations":[{"start":{"line":125,"column":12},"end":{"line":125,"column":16}},{"start":{},"end":{}}]}},"s":{"0":4,"1":4,"2":4,"3":4,"4":4,"5":4,"6":0,"7":0,"8":0,"9":0,"10":0,"11":0,"12":0,"13":0,"14":4,"15":4,"16":22,"17":22,"18":22,"19":1,"20":21,"21":21,"22":21,"23":21,"24":21,"25":21,"26":1,"27":20,"28":20,"29":40,"30":20,"31":4,"32":4,"33":18,"34":18,"35":18,"36":0,"37":18,"38":18,"39":18,"40":18,"41":1,"42":17,"43":17,"44":17,"45":1,"46":16,"47":16,"48":16,"49":16,"50":32,"51":16,"52":16,"53":4,"54":4,"55":2,"56":2,"57":2,"58":0,"59":2,"60":2,"61":1,"62":1,"63":1,"64":1,"65":1,"66":0,"67":1,"68":1,"69":2,"70":0,"71":0,"72":0,"73":0,"74":1,"75":1,"76":1,"77":1,"78":1,"79":1,"80":2,"81":1,"82":1,"83":4,"84":4,"85":2,"86":2,"87":2,"88":1,"89":1,"90":1,"91":1,"92":1,"93":1,"94":1,"95":1,"96":1,"97":2,"98":1,"99":4},"f":{"0":0,"1":0,"2":22,"3":22,"4":18,"5":18,"6":2,"7":2,"8":1,"9":1,"10":2,"11":2,"12":1},"b":{"0":[0,0],"1":[1,21],"2":[1,20],"3":[0,18],"4":[1,17],"5":[1,16],"6":[0,2],"7":[1,1],"8":[0,1],"9":[1,0],"10":[1],"11":[1,1],"12":[0,1],"13":[1,1],"14":[0,1]}}
,"/home/user/brave/olamarvel/week-7/backend/src/Middlewares/aysncHandler.ts": {"path":"/home/user/brave/olamarvel/week-7/backend/src/Middlewares/aysncHandler.ts","statementMap":{"0":{"start":{"line":3,"column":21},"end":{"line":7,"column":1}},"1":{"start":{"line":4,"column":2},"end":{"line":6,"column":4}},"2":{"start":{"line":5,"column":4},"end":{"line":5,"column":52}},"3":{"start":{"line":9,"column":0},"end":{"line":9,"column":null}}},"fnMap":{"0":{"name":"(anonymous_0)","decl":{"start":{"line":3,"column":21},"end":{"line":3,"column":22}},"loc":{"start":{"line":3,"column":40},"end":{"line":7,"column":1}}},"1":{"name":"(anonymous_1)","decl":{"start":{"line":4,"column":9},"end":{"line":4,"column":10}},"loc":{"start":{"line":4,"column":24},"end":{"line":6,"column":3}}}},"branchMap":{},"s":{"0":4,"1":25,"2":52,"3":4},"f":{"0":25,"1":52},"b":{}}
,"/home/user/brave/olamarvel/week-7/backend/src/Middlewares/error.ts": {"path":"/home/user/brave/olamarvel/week-7/backend/src/Middlewares/error.ts","statementMap":{"0":{"start":{"line":3,"column":0},"end":{"line":3,"column":16}},"1":{"start":{"line":4,"column":2},"end":{"line":4,"column":21}},"2":{"start":{"line":5,"column":2},"end":{"line":5,"column":67}}},"fnMap":{"0":{"name":"errorHandler","decl":{"start":{"line":3,"column":16},"end":{"line":3,"column":28}},"loc":{"start":{"line":3,"column":88},"end":{"line":6,"column":1}}}},"branchMap":{"0":{"loc":{"start":{"line":5,"column":34},"end":{"line":5,"column":63}},"type":"binary-expr","locations":[{"start":{"line":5,"column":34},"end":{"line":5,"column":45}},{"start":{"line":5,"column":49},"end":{"line":5,"column":63}}]}},"s":{"0":5,"1":4,"2":4},"f":{"0":4},"b":{"0":[4,0]}}
,"/home/user/brave/olamarvel/week-7/backend/src/Middlewares/protect.ts": {"path":"/home/user/brave/olamarvel/week-7/backend/src/Middlewares/protect.ts","statementMap":{"0":{"start":{"line":2,"column":0},"end":{"line":2,"column":31}},"1":{"start":{"line":8,"column":23},"end":{"line":23,"column":1}},"2":{"start":{"line":9,"column":21},"end":{"line":9,"column":46}},"3":{"start":{"line":10,"column":2},"end":{"line":12,"column":3}},"4":{"start":{"line":11,"column":4},"end":{"line":11,"column":73}},"5":{"start":{"line":14,"column":16},"end":{"line":14,"column":40}},"6":{"start":{"line":15,"column":2},"end":{"line":22,"column":3}},"7":{"start":{"line":16,"column":20},"end":{"line":16,"column":99}},"8":{"start":{"line":17,"column":4},"end":{"line":17,"column":35}},"9":{"start":{"line":18,"column":4},"end":{"line":18,"column":11}},"10":{"start":{"line":20,"column":4},"end":{"line":20,"column":null}},"11":{"start":{"line":21,"column":4},"end":{"line":21,"column":70}},"12":{"start":{"line":8,"column":13},"end":{"line":8,"column":23}}},"fnMap":{"0":{"name":"(anonymous_1)","decl":{"start":{"line":8,"column":23},"end":{"line":8,"column":24}},"loc":{"start":{"line":8,"column":75},"end":{"line":23,"column":1}}}},"branchMap":{"0":{"loc":{"start":{"line":10,"column":2},"end":{"line":12,"column":3}},"type":"if","locations":[{"start":{"line":10,"column":2},"end":{"line":12,"column":3}},{"start":{},"end":{}}]},"1":{"loc":{"start":{"line":10,"column":6},"end":{"line":10,"column":54}},"type":"binary-expr","locations":[{"start":{"line":10,"column":6},"end":{"line":10,"column":17}},{"start":{"line":10,"column":21},"end":{"line":10,"column":54}}]}},"s":{"0":4,"1":4,"2":20,"3":20,"4":4,"5":16,"6":16,"7":16,"8":16,"9":16,"10":0,"11":0,"12":4},"f":{"0":20},"b":{"0":[4,16],"1":[20,16]}}
,"/home/user/brave/olamarvel/week-7/backend/src/Models/Activity.ts": {"path":"/home/user/brave/olamarvel/week-7/backend/src/Models/Activity.ts","statementMap":{"0":{"start":{"line":1,"column":0},"end":{"line":1,"column":58}},"1":{"start":{"line":12,"column":23},"end":{"line":19,"column":24}},"2":{"start":{"line":21,"column":0},"end":{"line":21,"column":60}}},"fnMap":{},"branchMap":{},"s":{"0":1,"1":1,"2":1},"f":{},"b":{}}
,"/home/user/brave/olamarvel/week-7/backend/src/Models/Appointments.ts": {"path":"/home/user/brave/olamarvel/week-7/backend/src/Models/Appointments.ts","statementMap":{"0":{"start":{"line":1,"column":0},"end":{"line":1,"column":58}},"1":{"start":{"line":11,"column":26},"end":{"line":17,"column":24}},"2":{"start":{"line":19,"column":0},"end":{"line":19,"column":69}}},"fnMap":{},"branchMap":{},"s":{"0":2,"1":2,"2":2},"f":{},"b":{}}
,"/home/user/brave/olamarvel/week-7/backend/src/Models/Doctor.ts": {"path":"/home/user/brave/olamarvel/week-7/backend/src/Models/Doctor.ts","statementMap":{"0":{"start":{"line":1,"column":0},"end":{"line":1,"column":51}},"1":{"start":{"line":9,"column":21},"end":{"line":13,"column":24}},"2":{"start":{"line":15,"column":0},"end":{"line":15,"column":54}}},"fnMap":{},"branchMap":{},"s":{"0":2,"1":2,"2":2},"f":{},"b":{}}
,"/home/user/brave/olamarvel/week-7/backend/src/Models/User.ts": {"path":"/home/user/brave/olamarvel/week-7/backend/src/Models/User.ts","statementMap":{"0":{"start":{"line":1,"column":0},"end":{"line":1,"column":58}},"1":{"start":{"line":15,"column":19},"end":{"line":30,"column":24}},"2":{"start":{"line":32,"column":0},"end":{"line":32,"column":48}}},"fnMap":{},"branchMap":{},"s":{"0":4,"1":4,"2":4},"f":{},"b":{}}
,"/home/user/brave/olamarvel/week-7/backend/src/Routes/activities.ts": {"path":"/home/user/brave/olamarvel/week-7/backend/src/Routes/activities.ts","statementMap":{"0":{"start":{"line":1,"column":0},"end":{"line":1,"column":33}},"1":{"start":{"line":2,"column":0},"end":{"line":2,"column":56}},"2":{"start":{"line":3,"column":0},"end":{"line":3,"column":41}},"3":{"start":{"line":4,"column":0},"end":{"line":4,"column":49}},"4":{"start":{"line":5,"column":0},"end":{"line":5,"column":55}},"5":{"start":{"line":7,"column":15},"end":{"line":7,"column":23}},"6":{"start":{"line":9,"column":0},"end":{"line":15,"column":45}},"7":{"start":{"line":16,"column":0},"end":{"line":16,"column":67}},"8":{"start":{"line":17,"column":0},"end":{"line":17,"column":null}},"9":{"start":{"line":19,"column":0},"end":{"line":19,"column":22}}},"fnMap":{},"branchMap":{},"s":{"0":1,"1":1,"2":1,"3":1,"4":1,"5":1,"6":1,"7":1,"8":1,"9":1},"f":{},"b":{}}
,"/home/user/brave/olamarvel/week-7/backend/src/Routes/appointments.ts": {"path":"/home/user/brave/olamarvel/week-7/backend/src/Routes/appointments.ts","statementMap":{"0":{"start":{"line":1,"column":0},"end":{"line":1,"column":33}},"1":{"start":{"line":2,"column":0},"end":{"line":2,"column":60}},"2":{"start":{"line":3,"column":0},"end":{"line":3,"column":49}},"3":{"start":{"line":4,"column":0},"end":{"line":4,"column":41}},"4":{"start":{"line":5,"column":0},"end":{"line":5,"column":55}},"5":{"start":{"line":7,"column":15},"end":{"line":7,"column":23}},"6":{"start":{"line":8,"column":15},"end":{"line":8,"column":56}},"7":{"start":{"line":10,"column":0},"end":{"line":16,"column":50}},"8":{"start":{"line":17,"column":0},"end":{"line":17,"column":69}},"9":{"start":{"line":18,"column":0},"end":{"line":18,"column":71}},"10":{"start":{"line":20,"column":0},"end":{"line":20,"column":22}}},"fnMap":{},"branchMap":{},"s":{"0":2,"1":2,"2":2,"3":2,"4":2,"5":2,"6":2,"7":2,"8":2,"9":2,"10":2},"f":{},"b":{}}
,"/home/user/brave/olamarvel/week-7/backend/src/Routes/auth.ts": {"path":"/home/user/brave/olamarvel/week-7/backend/src/Routes/auth.ts","statementMap":{"0":{"start":{"line":1,"column":0},"end":{"line":1,"column":33}},"1":{"start":{"line":2,"column":0},"end":{"line":2,"column":43}},"2":{"start":{"line":3,"column":0},"end":{"line":3,"column":40}},"3":{"start":{"line":4,"column":0},"end":{"line":4,"column":49}},"4":{"start":{"line":5,"column":0},"end":{"line":5,"column":55}},"5":{"start":{"line":6,"column":15},"end":{"line":6,"column":23}},"6":{"start":{"line":8,"column":0},"end":{"line":8,"column":null}},"7":{"start":{"line":10,"column":0},"end":{"line":17,"column":33}},"8":{"start":{"line":19,"column":0},"end":{"line":21,"column":103}},"9":{"start":{"line":22,"column":0},"end":{"line":22,"column":50}},"10":{"start":{"line":23,"column":0},"end":{"line":23,"column":52}},"11":{"start":{"line":25,"column":0},"end":{"line":25,"column":null}}},"fnMap":{},"branchMap":{},"s":{"0":4,"1":4,"2":4,"3":4,"4":4,"5":4,"6":4,"7":4,"8":4,"9":4,"10":4,"11":4},"f":{},"b":{}}
,"/home/user/brave/olamarvel/week-7/backend/src/config/db.ts": {"path":"/home/user/brave/olamarvel/week-7/backend/src/config/db.ts","statementMap":{"0":{"start":{"line":3,"column":0},"end":{"line":3,"column":22}},"1":{"start":{"line":1,"column":0},"end":{"line":1,"column":32}},"2":{"start":{"line":4,"column":2},"end":{"line":4,"column":36}},"3":{"start":{"line":5,"column":2},"end":{"line":5,"column":30}},"4":{"start":{"line":6,"column":2},"end":{"line":6,"column":35}}},"fnMap":{"0":{"name":"connectDB","decl":{"start":{"line":3,"column":22},"end":{"line":3,"column":31}},"loc":{"start":{"line":3,"column":43},"end":{"line":7,"column":null}}}},"branchMap":{},"s":{"0":1,"1":1,"2":2,"3":4,"4":1},"f":{"0":2},"b":{}}
,"/home/user/brave/olamarvel/week-7/backend/src/util/bycrypt.ts": {"path":"/home/user/brave/olamarvel/week-7/backend/src/util/bycrypt.ts","statementMap":{"0":{"start":{"line":3,"column":0},"end":{"line":3,"column":22}},"1":{"start":{"line":8,"column":0},"end":{"line":8,"column":22}},"2":{"start":{"line":1,"column":0},"end":{"line":1,"column":33}},"3":{"start":{"line":4,"column":8},"end":{"line":4,"column":24}},"4":{"start":{"line":5,"column":2},"end":{"line":5,"column":43}},"5":{"start":{"line":9,"column":3},"end":{"line":9,"column":41}}},"fnMap":{"0":{"name":"hashPassword","decl":{"start":{"line":3,"column":22},"end":{"line":3,"column":34}},"loc":{"start":{"line":3,"column":51},"end":{"line":6,"column":null}}},"1":{"name":"comparePassword","decl":{"start":{"line":8,"column":22},"end":{"line":8,"column":37}},"loc":{"start":{"line":8,"column":68},"end":{"line":10,"column":null}}}},"branchMap":{},"s":{"0":5,"1":5,"2":5,"3":22,"4":22,"5":19},"f":{"0":22,"1":19},"b":{}}
,"/home/user/brave/olamarvel/week-7/backend/src/util/jwt.ts": {"path":"/home/user/brave/olamarvel/week-7/backend/src/util/jwt.ts","statementMap":{"0":{"start":{"line":11,"column":0},"end":{"line":11,"column":16}},"1":{"start":{"line":15,"column":0},"end":{"line":15,"column":16}},"2":{"start":{"line":19,"column":0},"end":{"line":19,"column":16}},"3":{"start":{"line":27,"column":0},"end":{"line":27,"column":16}},"4":{"start":{"line":1,"column":0},"end":{"line":1,"column":31}},"5":{"start":{"line":4,"column":23},"end":{"line":4,"column":54}},"6":{"start":{"line":5,"column":24},"end":{"line":5,"column":56}},"7":{"start":{"line":7,"column":54},"end":{"line":7,"column":128}},"8":{"start":{"line":8,"column":55},"end":{"line":8,"column":129}},"9":{"start":{"line":12,"column":2},"end":{"line":12,"column":91}},"10":{"start":{"line":16,"column":2},"end":{"line":16,"column":96}},"11":{"start":{"line":20,"column":2},"end":{"line":24,"column":3}},"12":{"start":{"line":21,"column":4},"end":{"line":21,"column":105}},"13":{"start":{"line":23,"column":4},"end":{"line":23,"column":16}},"14":{"start":{"line":28,"column":2},"end":{"line":32,"column":3}},"15":{"start":{"line":29,"column":4},"end":{"line":29,"column":91}},"16":{"start":{"line":31,"column":4},"end":{"line":31,"column":16}}},"fnMap":{"0":{"name":"signAccess","decl":{"start":{"line":11,"column":16},"end":{"line":11,"column":26}},"loc":{"start":{"line":11,"column":38},"end":{"line":13,"column":1}}},"1":{"name":"signRefresh","decl":{"start":{"line":15,"column":16},"end":{"line":15,"column":27}},"loc":{"start":{"line":15,"column":61},"end":{"line":17,"column":1}}},"2":{"name":"verifyRefresh","decl":{"start":{"line":19,"column":16},"end":{"line":19,"column":29}},"loc":{"start":{"line":19,"column":43},"end":{"line":25,"column":1}}},"3":{"name":"verifyAccess","decl":{"start":{"line":27,"column":16},"end":{"line":27,"column":28}},"loc":{"start":{"line":27,"column":42},"end":{"line":33,"column":1}}}},"branchMap":{"0":{"loc":{"start":{"line":7,"column":54},"end":{"line":7,"column":128}},"type":"binary-expr","locations":[{"start":{"line":7,"column":54},"end":{"line":7,"column":119}},{"start":{"line":7,"column":123},"end":{"line":7,"column":128}}]},"1":{"loc":{"start":{"line":8,"column":55},"end":{"line":8,"column":129}},"type":"binary-expr","locations":[{"start":{"line":8,"column":55},"end":{"line":8,"column":121}},{"start":{"line":8,"column":125},"end":{"line":8,"column":129}}]}},"s":{"0":5,"1":5,"2":5,"3":5,"4":5,"5":5,"6":5,"7":5,"8":5,"9":18,"10":18,"11":5,"12":5,"13":2,"14":2,"15":2,"16":1},"f":{"0":18,"1":18,"2":5,"3":2},"b":{"0":[5,5],"1":[5,5]}}
}
