TN:
SF:src/Controllers/activities.ts
FN:7,(anonymous_14)
FN:7,(anonymous_15)
FN:24,(anonymous_17)
FN:24,(anonymous_18)
FN:29,(anonymous_20)
FN:29,(anonymous_21)
FNF:6
FNH:4
FNDA:2,(anonymous_14)
FNDA:2,(anonymous_15)
FNDA:1,(anonymous_17)
FNDA:1,(anonymous_18)
FNDA:0,(anonymous_20)
FNDA:0,(anonymous_21)
DA:2,1
DA:3,1
DA:4,1
DA:7,2
DA:9,2
DA:10,2
DA:12,2
DA:13,2
DA:14,1
DA:16,1
DA:17,2
DA:18,1
DA:20,0
DA:24,1
DA:25,1
DA:26,1
DA:29,1
DA:30,0
DA:31,0
DA:32,0
DA:34,0
LF:21
LH:16
BRDA:9,0,0,2
BRDA:9,0,1,0
BRDA:13,1,0,1
BRDA:13,1,1,1
BRDA:25,2,0,1
BRDA:30,3,0,0
BRDA:31,4,0,0
BRDA:31,4,1,0
BRF:8
BRH:4
end_of_record
TN:
SF:src/Controllers/appointments.ts
FN:7,(anonymous_14)
FN:7,(anonymous_15)
FN:24,(anonymous_17)
FN:24,(anonymous_18)
FN:36,(anonymous_20)
FN:36,(anonymous_21)
FNF:6
FNH:4
FNDA:3,(anonymous_14)
FNDA:3,(anonymous_15)
FNDA:2,(anonymous_17)
FNDA:2,(anonymous_18)
FNDA:0,(anonymous_20)
FNDA:0,(anonymous_21)
DA:2,2
DA:3,2
DA:4,2
DA:7,3
DA:9,3
DA:10,3
DA:11,1
DA:13,2
DA:14,2
DA:16,2
DA:17,4
DA:18,2
DA:20,0
DA:24,2
DA:26,2
DA:33,2
DA:36,2
DA:38,0
DA:45,0
DA:46,0
DA:48,0
LF:21
LH:16
BRDA:10,0,0,1
BRDA:10,0,1,2
BRDA:13,1,0,2
BRDA:13,1,1,0
BRDA:26,2,0,2
BRDA:38,3,0,0
BRDA:45,4,0,0
BRDA:45,4,1,0
BRF:8
BRH:4
end_of_record
TN:
SF:src/Controllers/auth.ts
FN:9,(anonymous_14)
FN:9,(anonymous_15)
FN:17,(anonymous_17)
FN:17,(anonymous_18)
FN:37,(anonymous_20)
FN:37,(anonymous_21)
FN:68,(anonymous_23)
FN:68,(anonymous_24)
FN:77,(anonymous_26)
FN:93,(anonymous_27)
FN:107,(anonymous_28)
FN:107,(anonymous_29)
FN:127,(anonymous_31)
FNF:13
FNH:11
FNDA:0,(anonymous_14)
FNDA:0,(anonymous_15)
FNDA:22,(anonymous_17)
FNDA:22,(anonymous_18)
FNDA:18,(anonymous_20)
FNDA:18,(anonymous_21)
FNDA:2,(anonymous_23)
FNDA:2,(anonymous_24)
FNDA:1,(anonymous_26)
FNDA:1,(anonymous_27)
FNDA:2,(anonymous_28)
FNDA:2,(anonymous_29)
FNDA:1,(anonymous_31)
DA:2,4
DA:3,4
DA:4,4
DA:5,4
DA:6,4
DA:9,4
DA:10,0
DA:11,0
DA:12,0
DA:13,0
DA:14,0
DA:17,22
DA:18,22
DA:19,22
DA:20,1
DA:22,21
DA:23,21
DA:24,21
DA:25,21
DA:26,20
DA:32,40
DA:34,20
DA:37,18
DA:38,18
DA:39,18
DA:40,0
DA:42,18
DA:43,18
DA:44,18
DA:45,1
DA:47,17
DA:48,17
DA:49,1
DA:52,16
DA:53,16
DA:54,16
DA:55,16
DA:56,32
DA:58,16
DA:65,16
DA:68,4
DA:69,2
DA:70,2
DA:71,2
DA:72,2
DA:74,1
DA:75,1
DA:76,1
DA:77,1
DA:78,2
DA:79,0
DA:80,0
DA:86,0
DA:87,0
DA:90,1
DA:91,1
DA:92,1
DA:93,1
DA:95,1
DA:96,1
DA:97,2
DA:98,1
DA:104,1
DA:107,4
DA:108,2
DA:110,2
DA:111,1
DA:114,1
DA:121,1
DA:123,1
DA:124,1
DA:125,1
DA:126,1
DA:127,1
DA:129,2
DA:133,1
LF:76
LH:66
BRDA:12,0,0,0
BRDA:12,0,1,0
BRDA:19,1,0,1
BRDA:19,1,1,21
BRDA:25,2,0,1
BRDA:25,2,1,20
BRDA:39,3,0,0
BRDA:39,3,1,18
BRDA:44,4,0,1
BRDA:44,4,1,17
BRDA:48,5,0,1
BRDA:48,5,1,16
BRDA:70,6,0,0
BRDA:70,6,1,2
BRDA:72,7,0,1
BRDA:72,7,1,1
BRDA:76,8,0,0
BRDA:76,8,1,1
BRDA:78,9,0,1
BRDA:78,9,1,0
BRDA:133,10,0,1
BRDA:110,11,0,1
BRDA:110,11,1,1
BRDA:123,12,0,0
BRDA:123,12,1,1
BRDA:123,13,0,1
BRDA:123,13,1,1
BRDA:125,14,0,0
BRDA:125,14,1,1
BRF:29
BRH:21
end_of_record
TN:
SF:src/Middlewares/aysncHandler.ts
FN:3,(anonymous_0)
FN:4,(anonymous_1)
FNF:2
FNH:2
FNDA:25,(anonymous_0)
FNDA:52,(anonymous_1)
DA:3,4
DA:4,25
DA:5,52
DA:9,4
LF:4
LH:4
BRF:0
BRH:0
end_of_record
TN:
SF:src/Middlewares/error.ts
FN:3,errorHandler
FNF:1
FNH:1
FNDA:4,errorHandler
DA:3,5
DA:4,4
DA:5,4
LF:3
LH:3
BRDA:5,0,0,4
BRDA:5,0,1,0
BRF:2
BRH:1
end_of_record
TN:
SF:src/Middlewares/protect.ts
FN:8,(anonymous_1)
FNF:1
FNH:1
FNDA:20,(anonymous_1)
DA:2,4
DA:8,4
DA:9,20
DA:10,20
DA:11,4
DA:14,16
DA:15,16
DA:16,16
DA:17,16
DA:18,16
DA:20,0
DA:21,0
LF:12
LH:10
BRDA:10,0,0,4
BRDA:10,0,1,16
BRDA:10,1,0,20
BRDA:10,1,1,16
BRF:4
BRH:4
end_of_record
TN:
SF:src/Models/Activity.ts
FNF:0
FNH:0
DA:1,1
DA:12,1
DA:21,1
LF:3
LH:3
BRF:0
BRH:0
end_of_record
TN:
SF:src/Models/Appointments.ts
FNF:0
FNH:0
DA:1,2
DA:11,2
DA:19,2
LF:3
LH:3
BRF:0
BRH:0
end_of_record
TN:
SF:src/Models/Doctor.ts
FNF:0
FNH:0
DA:1,2
DA:9,2
DA:15,2
LF:3
LH:3
BRF:0
BRH:0
end_of_record
TN:
SF:src/Models/User.ts
FNF:0
FNH:0
DA:1,4
DA:15,4
DA:32,4
LF:3
LH:3
BRF:0
BRH:0
end_of_record
TN:
SF:src/Routes/activities.ts
FNF:0
FNH:0
DA:1,1
DA:2,1
DA:3,1
DA:4,1
DA:5,1
DA:7,1
DA:9,1
DA:16,1
DA:17,1
DA:19,1
LF:10
LH:10
BRF:0
BRH:0
end_of_record
TN:
SF:src/Routes/appointments.ts
FNF:0
FNH:0
DA:1,2
DA:2,2
DA:3,2
DA:4,2
DA:5,2
DA:7,2
DA:8,2
DA:10,2
DA:17,2
DA:18,2
DA:20,2
LF:11
LH:11
BRF:0
BRH:0
end_of_record
TN:
SF:src/Routes/auth.ts
FNF:0
FNH:0
DA:1,4
DA:2,4
DA:3,4
DA:4,4
DA:5,4
DA:6,4
DA:8,4
DA:10,4
DA:19,4
DA:22,4
DA:23,4
DA:25,4
LF:12
LH:12
BRF:0
BRH:0
end_of_record
TN:
SF:src/config/db.ts
FN:3,connectDB
FNF:1
FNH:1
FNDA:2,connectDB
DA:1,1
DA:3,1
DA:4,2
DA:5,4
DA:6,1
LF:5
LH:5
BRF:0
BRH:0
end_of_record
TN:
SF:src/util/bycrypt.ts
FN:3,hashPassword
FN:8,comparePassword
FNF:2
FNH:2
FNDA:22,hashPassword
FNDA:19,comparePassword
DA:1,5
DA:3,5
DA:4,22
DA:5,22
DA:8,5
DA:9,19
LF:6
LH:6
BRF:0
BRH:0
end_of_record
TN:
SF:src/util/jwt.ts
FN:11,signAccess
FN:15,signRefresh
FN:19,verifyRefresh
FN:27,verifyAccess
FNF:4
FNH:4
FNDA:18,signAccess
FNDA:18,signRefresh
FNDA:5,verifyRefresh
FNDA:2,verifyAccess
DA:1,5
DA:4,5
DA:5,5
DA:7,5
DA:8,5
DA:11,5
DA:12,18
DA:15,5
DA:16,18
DA:19,5
DA:20,5
DA:21,5
DA:23,2
DA:27,5
DA:28,2
DA:29,2
DA:31,1
LF:17
LH:17
BRDA:7,0,0,5
BRDA:7,0,1,5
BRDA:8,1,0,5
BRDA:8,1,1,5
BRF:4
BRH:4
end_of_record
